#
# A fatal error has been detected by the Java Runtime Environment:
#
#  EXCEPTION_ACCESS_VIOLATION (0xc0000005) at pc=0x00007fff242ae0a9, pid=7820, tid=3636
#
# JRE version: OpenJDK Runtime Environment Microsoft-8035246 (17.0.8+7) (build 17.0.8+7-LTS)
# Java VM: OpenJDK 64-Bit Server VM Microsoft-8035246 (17.0.8+7-LTS, mixed mode, sharing, tiered, compressed oops, compressed class ptrs, g1 gc, windows-amd64)
# Problematic frame:
# V  [jvm.dll+0x2be0a9]
#
# No core dump will be written. Minidumps are not enabled by default on client versions of Windows
#
# If you would like to submit a bug report, please visit:
#   https://github.com/microsoft/openjdk/issues
#

---------------  S U M M A R Y ------------

Command Line: -XX:MaxMetaspaceSize=512m --add-opens=java.base/java.util=ALL-UNNAMED --add-opens=java.base/java.lang=ALL-UNNAMED --add-opens=java.base/java.lang.invoke=ALL-UNNAMED --add-opens=java.prefs/java.util.prefs=ALL-UNNAMED --add-opens=java.base/java.nio.charset=ALL-UNNAMED --add-opens=java.base/java.net=ALL-UNNAMED --add-opens=java.base/java.util.concurrent.atomic=ALL-UNNAMED -Xmx2048m -Dfile.encoding=windows-1252 -Duser.country=IN -Duser.language=en -Duser.variant -javaagent:C:\Users\ELCOT\.gradle\wrapper\dists\gradle-8.3-all\6en3ugtfdg5xnpx44z4qbwgas\gradle-8.3\lib\agents\gradle-instrumentation-agent-8.3.jar org.gradle.launcher.daemon.bootstrap.GradleDaemon 8.3

Host: AMD PRO A4-4350B R4, 5 COMPUTE CORES 2C+3G     , 2 cores, 3G,  Windows 10 , 64 bit Build 19041 (10.0.19041.3636)
Time: Thu Jan 11 08:29:48 2024 India Standard Time elapsed time: 174.538910 seconds (0d 0h 2m 54s)

---------------  T H R E A D  ---------------

Current thread (0x00000166e27463b0):  JavaThread "C2 CompilerThread0" daemon [_thread_in_native, id=3636, stack(0x0000005f11e00000,0x0000005f11f00000)]


Current CompileTask:
C2: 174539 14114   !   4       org.gradle.cache.internal.DefaultMultiProcessSafeIndexedCache::getIfPresent (25 bytes)

Stack: [0x0000005f11e00000,0x0000005f11f00000],  sp=0x0000005f11efb770,  free space=1005k
Native frames: (J=compiled Java code, j=interpreted, Vv=VM code, C=native code)
V  [jvm.dll+0x2be0a9]
V  [jvm.dll+0x21ba8b]
V  [jvm.dll+0x21944b]
V  [jvm.dll+0x1a56b6]
V  [jvm.dll+0x2291ea]
V  [jvm.dll+0x22724c]
V  [jvm.dll+0x7efd0c]
V  [jvm.dll+0x7ea13a]
V  [jvm.dll+0x67ad85]
C  [ucrtbase.dll+0x21bb2]
C  [KERNEL32.DLL+0x17344]
C  [ntdll.dll+0x526b1]


siginfo: EXCEPTION_ACCESS_VIOLATION (0xc0000005), reading address 0x0000000000000028


Register to memory mapping:

RIP=0x00007fff242ae0a9 jvm.dll
RAX=0x0000016687d52020 points into unknown readable memory: 0x0000000000000000 | 00 00 00 00 00 00 00 00
RBX=0x00000000000017da is an unknown value
RCX=0x0000016687d62020 points into unknown readable memory: 0x0000000000000000 | 00 00 00 00 00 00 00 00
RDX=0x0 is NULL
RSP=0x0000005f11efb770 is pointing into the stack for thread: 0x00000166e27463b0
RBP=0x0000005f11efb7e0 is pointing into the stack for thread: 0x00000166e27463b0
RSI=0x0 is NULL
RDI=0x0000000000000048 is an unknown value
R8 =0x0 is NULL
R9 =0x0 is NULL
R10=0x00007fff68fd0000 VCRUNTIME140.dll
R11=0x0000016687d52040 points into unknown readable memory: 0x0000000000000000 | 00 00 00 00 00 00 00 00
R12=0x0000000000000050 is an unknown value
R13=0x0 is NULL
R14=0x0 is NULL
R15=0x0000005f11efe990 is pointing into the stack for thread: 0x00000166e27463b0


Registers:
RAX=0x0000016687d52020, RBX=0x00000000000017da, RCX=0x0000016687d62020, RDX=0x0000000000000000
RSP=0x0000005f11efb770, RBP=0x0000005f11efb7e0, RSI=0x0000000000000000, RDI=0x0000000000000048
R8 =0x0000000000000000, R9 =0x0000000000000000, R10=0x00007fff68fd0000, R11=0x0000016687d52040
R12=0x0000000000000050, R13=0x0000000000000000, R14=0x0000000000000000, R15=0x0000005f11efe990
RIP=0x00007fff242ae0a9, EFLAGS=0x0000000000010246

Top of Stack: (sp=0x0000005f11efb770)
0x0000005f11efb770:   00000000000017da 0000000000000000
0x0000005f11efb780:   0000005f11efe990 00007fff242138d1
0x0000005f11efb790:   00000166e2741870 00007fff00002000
0x0000005f11efb7a0:   0000016687d52020 0000016600000000
0x0000005f11efb7b0:   0000016600000002 0000016687987300
0x0000005f11efb7c0:   0000000000000002 00000166e2741870
0x0000005f11efb7d0:   0000000000000000 0000000000000000
0x0000005f11efb7e0:   00000166e25f6b70 00000166c5055ef0
0x0000005f11efb7f0:   0000000000000048 00007fff24934c08
0x0000005f11efb800:   0000005f11efb910 00007fff2420ba8b
0x0000005f11efb810:   0000005f11efe990 00007fff24934c08
0x0000005f11efb820:   0000005f11efe990 0000005f11efb910
0x0000005f11efb830:   0000016600000000 00007fff2460b7fb
0x0000005f11efb840:   0000005f0000000f 0000005f11efe990
0x0000005f11efb850:   0000005f11efb9c0 0000000000000000
0x0000005f11efb860:   0000016600000100 00007fff24934c08 

Instructions: (pc=0x00007fff242ae0a9)
0x00007fff242adfa9:   3b d0 75 0b ff c1 41 3b c9 7c dc 48 8b c2 c3 33
0x00007fff242adfb9:   c0 c3 cc cc cc cc cc 48 89 5c 24 18 55 56 57 41
0x00007fff242adfc9:   55 41 57 48 8b ec 48 83 ec 70 65 48 8b 04 25 58
0x00007fff242adfd9:   00 00 00 48 8b f2 44 8b 05 d2 8b 90 00 4c 8b f9
0x00007fff242adfe9:   4a 8b 1c c0 b8 50 00 00 00 80 3c 18 00 75 05 e8
0x00007fff242adff9:   8b 6f 5d 00 b8 20 00 00 00 48 8b 04 18 48 8b 98
0x00007fff242ae009:   38 02 00 00 48 89 5d b0 c7 45 b8 04 00 00 00 48
0x00007fff242ae019:   8b 43 18 48 83 f8 df 76 18 4c 8d 05 37 a9 65 00
0x00007fff242ae029:   ba 20 00 00 00 48 8b cb e8 5a eb de ff 48 8b 43
0x00007fff242ae039:   18 48 8d 48 20 48 3b 4b 20 76 11 45 33 c0 48 8b
0x00007fff242ae049:   cb 41 8d 50 20 e8 fd e8 de ff eb 04 48 89 4b 18
0x00007fff242ae059:   44 8b 45 b8 33 d2 49 c1 e0 03 48 8b c8 48 89 45
0x00007fff242ae069:   c0 e8 e3 80 5d 00 45 33 ed 48 8d 4d d0 44 89 6d
0x00007fff242ae079:   c8 e8 01 59 56 00 41 8b 9f 40 02 00 00 41 2b 9f
0x00007fff242ae089:   68 02 00 00 44 89 6d f0 3b 5d b8 72 0b 8b d3 48
0x00007fff242ae099:   8d 4d b0 e8 6f b3 39 00 48 8b 45 c0 4c 89 2c d8
0x00007fff242ae0a9:   8b 7e 28 8b df c1 eb 05 3b 5d d0 72 0b 8b d3 48
0x00007fff242ae0b9:   8d 4d d0 e8 1f 59 56 00 48 8b 45 d8 83 e7 1f 48
0x00007fff242ae0c9:   8d 14 98 40 0f b6 cf 41 b8 01 00 00 00 41 d3 e0
0x00007fff242ae0d9:   8b 0a 8b c1 41 0b c0 89 02 41 85 c8 75 21 8b 5d
0x00007fff242ae0e9:   c8 8d 43 01 89 45 c8 3b 5d b8 72 0b 8b d3 48 8d
0x00007fff242ae0f9:   4d b0 e8 10 b3 39 00 48 8b 45 c0 48 89 34 d8 44
0x00007fff242ae109:   39 6d c8 0f 86 77 01 00 00 4c 89 a4 24 a0 00 00
0x00007fff242ae119:   00 4c 89 b4 24 a8 00 00 00 48 8b 45 c0 41 8b cd
0x00007fff242ae129:   48 8b 34 c8 8b 46 2c 25 ff 1f 00 00 3d 04 10 00
0x00007fff242ae139:   00 0f 85 a7 00 00 00 bb 01 00 00 00 39 5e 18 76
0x00007fff242ae149:   39 66 0f 1f 44 00 00 48 8b 46 08 8b cb 48 8b 14
0x00007fff242ae159:   c8 48 85 d2 74 1d 48 83 7a 10 00 74 16 80 7a 2c
0x00007fff242ae169:   84 74 10 e8 7f 7e ee ff 48 8b d0 49 8b cf e8 a4
0x00007fff242ae179:   61 f6 ff ff c3 3b 5e 18 72 cd 48 8b 5e 10 8b 46
0x00007fff242ae189:   20 4c 8d 34 c3 49 3b de 73 54 48 8b 3b 8b 47 2c
0x00007fff242ae199:   83 e0 03 3c 03 75 2e 48 8b 07 48 8b cf ff 90 88 


Stack slot to memory mapping:
stack at sp + 0 slots: 0x00000000000017da is an unknown value
stack at sp + 1 slots: 0x0 is NULL
stack at sp + 2 slots: 0x0000005f11efe990 is pointing into the stack for thread: 0x00000166e27463b0
stack at sp + 3 slots: 0x00007fff242138d1 jvm.dll
stack at sp + 4 slots: 0x00000166e2741870 points into unknown readable memory: 0x0000000000000006 | 06 00 00 00 00 00 00 00
stack at sp + 5 slots: 0x00007fff00002000 is an unknown value
stack at sp + 6 slots: 0x0000016687d52020 points into unknown readable memory: 0x0000000000000000 | 00 00 00 00 00 00 00 00
stack at sp + 7 slots: 0x0000016600000000 is an unknown value


---------------  P R O C E S S  ---------------

Threads class SMR info:
_java_thread_list=0x0000016686cd0ab0, length=64, elements={
0x00000166c503ce50, 0x00000166e2729e40, 0x00000166e272b1e0, 0x00000166e2742a70,
0x00000166e2743600, 0x00000166e2744ee0, 0x00000166e27457b0, 0x00000166e27463b0,
0x00000166e2752280, 0x00000166e275b360, 0x00000166e27ae950, 0x00000166e29f3340,
0x00000166849eead0, 0x00000166fef36df0, 0x00000166fe978c60, 0x00000166ff7917b0,
0x00000166ff78d100, 0x00000166e2972ec0, 0x00000166e29733d0, 0x00000166e2971060,
0x00000166e2971570, 0x00000166e29729b0, 0x00000166e2971a80, 0x00000166e2974300,
0x00000166e2973df0, 0x00000166e2974810, 0x00000166e29724a0, 0x00000166840b0d80,
0x00000166840b21c0, 0x00000166840b30f0, 0x00000166840b0870, 0x00000166840b26d0,
0x00000166840b5970, 0x00000166840b5460, 0x00000166840b3b10, 0x00000166840b4f50,
0x00000166840b2be0, 0x00000166840af430, 0x00000166840b17a0, 0x00000166840b1cb0,
0x00000166840b4530, 0x0000016685218dd0, 0x000001668521ac30, 0x000001668521b140,
0x000001668521c070, 0x00000166ff466c90, 0x00000166ff461680, 0x00000166ff464e30,
0x00000166ff465340, 0x00000166ff460750, 0x00000166ff462fd0, 0x00000166ff460c60,
0x00000166ff4620a0, 0x00000166ff466780, 0x00000166ff4625b0, 0x00000166852192e0,
0x00000166852197f0, 0x000001668521b650, 0x0000016685219d00, 0x000001668521a210,
0x000001668521a720, 0x00000166840afe50, 0x0000016687e119c0, 0x0000016687e12e00
}

Java Threads: ( => current thread )
  0x00000166c503ce50 JavaThread "main" [_thread_blocked, id=8208, stack(0x0000005f11100000,0x0000005f11200000)]
  0x00000166e2729e40 JavaThread "Reference Handler" daemon [_thread_blocked, id=8948, stack(0x0000005f11800000,0x0000005f11900000)]
  0x00000166e272b1e0 JavaThread "Finalizer" daemon [_thread_blocked, id=2712, stack(0x0000005f11900000,0x0000005f11a00000)]
  0x00000166e2742a70 JavaThread "Signal Dispatcher" daemon [_thread_blocked, id=6972, stack(0x0000005f11a00000,0x0000005f11b00000)]
  0x00000166e2743600 JavaThread "Attach Listener" daemon [_thread_blocked, id=7592, stack(0x0000005f11b00000,0x0000005f11c00000)]
  0x00000166e2744ee0 JavaThread "Service Thread" daemon [_thread_blocked, id=940, stack(0x0000005f11c00000,0x0000005f11d00000)]
  0x00000166e27457b0 JavaThread "Monitor Deflation Thread" daemon [_thread_blocked, id=6304, stack(0x0000005f11d00000,0x0000005f11e00000)]
=>0x00000166e27463b0 JavaThread "C2 CompilerThread0" daemon [_thread_in_native, id=3636, stack(0x0000005f11e00000,0x0000005f11f00000)]
  0x00000166e2752280 JavaThread "C1 CompilerThread0" daemon [_thread_blocked, id=6924, stack(0x0000005f11f00000,0x0000005f12000000)]
  0x00000166e275b360 JavaThread "Sweeper thread" daemon [_thread_blocked, id=2028, stack(0x0000005f12000000,0x0000005f12100000)]
  0x00000166e27ae950 JavaThread "Common-Cleaner" daemon [_thread_blocked, id=3776, stack(0x0000005f12100000,0x0000005f12200000)]
  0x00000166e29f3340 JavaThread "Notification Thread" daemon [_thread_blocked, id=6372, stack(0x0000005f12200000,0x0000005f12300000)]
  0x00000166849eead0 JavaThread "Daemon health stats" [_thread_blocked, id=8596, stack(0x0000005f12500000,0x0000005f12600000)]
  0x00000166fef36df0 JavaThread "Incoming local TCP Connector on port 51299" [_thread_in_native, id=8236, stack(0x0000005f12600000,0x0000005f12700000)]
  0x00000166fe978c60 JavaThread "Daemon periodic checks" [_thread_blocked, id=2492, stack(0x0000005f12700000,0x0000005f12800000)]
  0x00000166ff7917b0 JavaThread "Daemon" [_thread_blocked, id=8792, stack(0x0000005f12800000,0x0000005f12900000)]
  0x00000166ff78d100 JavaThread "Handler for socket connection from /127.0.0.1:51299 to /127.0.0.1:51300" [_thread_in_native, id=8508, stack(0x0000005f12900000,0x0000005f12a00000)]
  0x00000166e2972ec0 JavaThread "Cancel handler" [_thread_blocked, id=9776, stack(0x0000005f12a00000,0x0000005f12b00000)]
  0x00000166e29733d0 JavaThread "Daemon worker" [_thread_blocked, id=5460, stack(0x0000005f12b00000,0x0000005f12c00000)]
  0x00000166e2971060 JavaThread "Asynchronous log dispatcher for DefaultDaemonConnection: socket connection from /127.0.0.1:51299 to /127.0.0.1:51300" [_thread_blocked, id=8704, stack(0x0000005f12c00000,0x0000005f12d00000)]
  0x00000166e2971570 JavaThread "Stdin handler" [_thread_blocked, id=1304, stack(0x0000005f12d00000,0x0000005f12e00000)]
  0x00000166e29729b0 JavaThread "Daemon client event forwarder" [_thread_blocked, id=5832, stack(0x0000005f12e00000,0x0000005f12f00000)]
  0x00000166e2971a80 JavaThread "Cache worker for journal cache (C:\Users\ELCOT\.gradle\caches\journal-1)" [_thread_blocked, id=2468, stack(0x0000005f12f00000,0x0000005f13000000)]
  0x00000166e2974300 JavaThread "File lock request listener" [_thread_in_native, id=6560, stack(0x0000005f13000000,0x0000005f13100000)]
  0x00000166e2973df0 JavaThread "Cache worker for file hash cache (C:\Users\ELCOT\.gradle\caches\8.3\fileHashes)" [_thread_blocked, id=824, stack(0x0000005f13100000,0x0000005f13200000)]
  0x00000166e2974810 JavaThread "File watcher server" daemon [_thread_in_native, id=5012, stack(0x0000005f13200000,0x0000005f13300000)]
  0x00000166e29724a0 JavaThread "File watcher consumer" daemon [_thread_blocked, id=612, stack(0x0000005f13300000,0x0000005f13400000)]
  0x00000166840b0d80 JavaThread "Cache worker for checksums cache (C:\Users\ELCOT\Desktop\mobileApp\Navigation\android\.gradle\8.3\checksums)" [_thread_blocked, id=8712, stack(0x0000005f13400000,0x0000005f13500000)]
  0x00000166840b21c0 JavaThread "Cache worker for file hash cache (C:\Users\ELCOT\Desktop\mobileApp\Navigation\android\.gradle\8.3\fileHashes)" [_thread_blocked, id=5264, stack(0x0000005f13500000,0x0000005f13600000)]
  0x00000166840b30f0 JavaThread "Cache worker for cache directory md-supplier (C:\Users\ELCOT\.gradle\caches\8.3\md-supplier)" [_thread_blocked, id=4548, stack(0x0000005f13600000,0x0000005f13700000)]
  0x00000166840b0870 JavaThread "Cache worker for file content cache (C:\Users\ELCOT\.gradle\caches\8.3\fileContent)" [_thread_blocked, id=2176, stack(0x0000005f13700000,0x0000005f13800000)]
  0x00000166840b26d0 JavaThread "Cache worker for cache directory md-rule (C:\Users\ELCOT\.gradle\caches\8.3\md-rule)" [_thread_blocked, id=2768, stack(0x0000005f13900000,0x0000005f13a00000)]
  0x00000166840b5970 JavaThread "Cache worker for execution history cache (C:\Users\ELCOT\.gradle\caches\8.3\executionHistory)" [_thread_blocked, id=8308, stack(0x0000005f13a00000,0x0000005f13b00000)]
  0x00000166840b5460 JavaThread "jar transforms" [_thread_blocked, id=5096, stack(0x0000005f13b00000,0x0000005f13c00000)]
  0x00000166840b3b10 JavaThread "jar transforms Thread 2" [_thread_blocked, id=2908, stack(0x0000005f13c00000,0x0000005f13d00000)]
  0x00000166840b4f50 JavaThread "Cache worker for kotlin-dsl (C:\Users\ELCOT\.gradle\caches\8.3\kotlin-dsl)" [_thread_blocked, id=5124, stack(0x0000005f13f00000,0x0000005f14000000)]
  0x00000166840b2be0 JavaThread "Unconstrained build operations" [_thread_blocked, id=8428, stack(0x0000005f14000000,0x0000005f14100000)]
  0x00000166840af430 JavaThread "Cache worker for dependencies-accessors (C:\Users\ELCOT\Desktop\mobileApp\Navigation\android\.gradle\8.3\dependencies-accessors)" [_thread_blocked, id=5500, stack(0x0000005f14100000,0x0000005f14200000)]
  0x00000166840b17a0 JavaThread "Cache worker for Build Output Cleanup Cache (C:\Users\ELCOT\Desktop\mobileApp\Navigation\node_modules\@react-native\gradle-plugin\.gradle\buildOutputCleanup)" [_thread_blocked, id=9192, stack(0x0000005f14200000,0x0000005f14300000)]
  0x00000166840b1cb0 JavaThread "Unconstrained build operations Thread 2" [_thread_blocked, id=7856, stack(0x0000005f14300000,0x0000005f14400000)]
  0x00000166840b4530 JavaThread "Memory manager" [_thread_blocked, id=7740, stack(0x0000005f14400000,0x0000005f14500000)]
  0x0000016685218dd0 JavaThread "Cache worker for Build Output Cleanup Cache (C:\Users\ELCOT\Desktop\mobileApp\Navigation\android\.gradle\buildOutputCleanup)" [_thread_blocked, id=2436, stack(0x0000005f10f00000,0x0000005f11000000)]
  0x000001668521ac30 JavaThread "Execution worker" [_thread_blocked, id=7016, stack(0x0000005f14900000,0x0000005f14a00000)]
  0x000001668521b140 JavaThread "Cache worker for execution history cache (C:\Users\ELCOT\Desktop\mobileApp\Navigation\node_modules\@react-native\gradle-plugin\.gradle\8.3\executionHistory)" [_thread_blocked, id=5728, stack(0x0000005f14a00000,0x0000005f14b00000)]
  0x000001668521c070 JavaThread "Unconstrained build operations Thread 3" [_thread_blocked, id=9784, stack(0x0000005f14b00000,0x0000005f14c00000)]
  0x00000166ff466c90 JavaThread "Unconstrained build operations Thread 4" [_thread_blocked, id=7624, stack(0x0000005f14c00000,0x0000005f14d00000)]
  0x00000166ff461680 JavaThread "Unconstrained build operations Thread 5" [_thread_blocked, id=7964, stack(0x0000005f14d00000,0x0000005f14e00000)]
  0x00000166ff464e30 JavaThread "Unconstrained build operations Thread 6" [_thread_blocked, id=9420, stack(0x0000005f14e00000,0x0000005f14f00000)]
  0x00000166ff465340 JavaThread "Unconstrained build operations Thread 7" [_thread_blocked, id=2400, stack(0x0000005f13d00000,0x0000005f13e00000)]
  0x00000166ff460750 JavaThread "Unconstrained build operations Thread 8" [_thread_blocked, id=10220, stack(0x0000005f11000000,0x0000005f11100000)]
  0x00000166ff462fd0 JavaThread "ForkJoinPool.commonPool-worker-2" daemon [_thread_blocked, id=776, stack(0x0000005f14500000,0x0000005f14600000)]
  0x00000166ff460c60 JavaThread "included builds Thread 2" [_thread_in_native, id=9024, stack(0x0000005f14600000,0x0000005f14700000)]
  0x00000166ff4620a0 JavaThread "Unconstrained build operations Thread 9" [_thread_blocked, id=2044, stack(0x0000005f14700000,0x0000005f14800000)]
  0x00000166ff466780 JavaThread "Unconstrained build operations Thread 10" [_thread_blocked, id=6552, stack(0x0000005f14800000,0x0000005f14900000)]
  0x00000166ff4625b0 JavaThread "Unconstrained build operations Thread 11" [_thread_blocked, id=4608, stack(0x0000005f14f00000,0x0000005f15000000)]
  0x00000166852192e0 JavaThread "Unconstrained build operations Thread 12" [_thread_blocked, id=1212, stack(0x0000005f15000000,0x0000005f15100000)]
  0x00000166852197f0 JavaThread "Unconstrained build operations Thread 13" [_thread_blocked, id=3620, stack(0x0000005f15100000,0x0000005f15200000)]
  0x000001668521b650 JavaThread "Unconstrained build operations Thread 14" [_thread_blocked, id=6084, stack(0x0000005f15200000,0x0000005f15300000)]
  0x0000016685219d00 JavaThread "Unconstrained build operations Thread 15" [_thread_blocked, id=10232, stack(0x0000005f15300000,0x0000005f15400000)]
  0x000001668521a210 JavaThread "Unconstrained build operations Thread 16" [_thread_blocked, id=7432, stack(0x0000005f15400000,0x0000005f15500000)]
  0x000001668521a720 JavaThread "Unconstrained build operations Thread 17" [_thread_blocked, id=5208, stack(0x0000005f15500000,0x0000005f15600000)]
  0x00000166840afe50 JavaThread "Unconstrained build operations Thread 18" [_thread_blocked, id=9088, stack(0x0000005f15600000,0x0000005f15700000)]
  0x0000016687e119c0 JavaThread "Cache worker for execution history cache (C:\Users\ELCOT\Desktop\mobileApp\Navigation\android\.gradle\8.3\executionHistory)" [_thread_blocked, id=8880, stack(0x0000005f15700000,0x0000005f15800000)]
  0x0000016687e12e00 JavaThread "Unconstrained build operations Thread 19" [_thread_blocked, id=5148, stack(0x0000005f15800000,0x0000005f15900000)]

Other Threads:
  0x00000166e2725660 VMThread "VM Thread" [stack: 0x0000005f11700000,0x0000005f11800000] [id=2060]
  0x00000166e29d0820 WatcherThread [stack: 0x0000005f12300000,0x0000005f12400000] [id=468]
  0x00000166c509a8a0 GCTaskThread "GC Thread#0" [stack: 0x0000005f11200000,0x0000005f11300000] [id=8680]
  0x00000166e2a84750 GCTaskThread "GC Thread#1" [stack: 0x0000005f12400000,0x0000005f12500000] [id=7092]
  0x00000166c50ad720 ConcurrentGCThread "G1 Main Marker" [stack: 0x0000005f11300000,0x0000005f11400000] [id=4604]
  0x00000166c50ae7e0 ConcurrentGCThread "G1 Conc#0" [stack: 0x0000005f11400000,0x0000005f11500000] [id=4452]
  0x00000166c50fe800 ConcurrentGCThread "G1 Refine#0" [stack: 0x0000005f11500000,0x0000005f11600000] [id=5956]
  0x0000016684e0f1f0 ConcurrentGCThread "G1 Refine#1" [stack: 0x0000005f13800000,0x0000005f13900000] [id=5992]
  0x00000166e25e2f70 ConcurrentGCThread "G1 Service" [stack: 0x0000005f11600000,0x0000005f11700000] [id=9436]

Threads with active compile tasks:
C2 CompilerThread0   174689 14114   !   4       org.gradle.cache.internal.DefaultMultiProcessSafeIndexedCache::getIfPresent (25 bytes)

VM state: not at safepoint (normal execution)

VM Mutex/Monitor currently owned by a thread: None

Heap address: 0x0000000080000000, size: 2048 MB, Compressed Oops mode: 32-bit

CDS archive(s) mapped at: [0x00000166e3000000-0x00000166e3bd0000-0x00000166e3bd0000), size 12386304, SharedBaseAddress: 0x00000166e3000000, ArchiveRelocationMode: 1.
Compressed class space mapped at: 0x00000166e4000000-0x00000166fe000000, reserved size: 436207616
Narrow klass base: 0x00000166e3000000, Narrow klass shift: 0, Narrow klass range: 0x100000000

GC Precious Log:
 CPUs: 2 total, 2 available
 Memory: 3935M
 Large Page Support: Disabled
 NUMA Support: Disabled
 Compressed Oops: Enabled (32-bit)
 Heap Region Size: 1M
 Heap Min Capacity: 8M
 Heap Initial Capacity: 62M
 Heap Max Capacity: 2G
 Pre-touch: Disabled
 Parallel Workers: 2
 Concurrent Workers: 1
 Concurrent Refinement Workers: 2
 Periodic GC: Disabled

Heap:
 garbage-first heap   total 295936K, used 169550K [0x0000000080000000, 0x0000000100000000)
  region size 1024K, 26 young (26624K), 2 survivors (2048K)
 Metaspace       used 97789K, committed 98688K, reserved 557056K
  class space    used 13665K, committed 14080K, reserved 425984K

Heap Regions: E=young(eden), S=young(survivor), O=old, HS=humongous(starts), HC=humongous(continues), CS=collection set, F=free, OA=open archive, CA=closed archive, TAMS=top-at-mark-start (previous, next)
|   0|0x0000000080000000, 0x0000000080100000, 0x0000000080100000|100%| O|  |TAMS 0x0000000080100000, 0x0000000080000000| Untracked 
|   1|0x0000000080100000, 0x0000000080200000, 0x0000000080200000|100%| O|  |TAMS 0x0000000080200000, 0x0000000080100000| Untracked 
|   2|0x0000000080200000, 0x0000000080300000, 0x0000000080300000|100%|HS|  |TAMS 0x0000000080300000, 0x0000000080200000| Complete 
|   3|0x0000000080300000, 0x0000000080400000, 0x0000000080400000|100%|HC|  |TAMS 0x0000000080400000, 0x0000000080300000| Complete 
|   4|0x0000000080400000, 0x0000000080500000, 0x0000000080500000|100%|HC|  |TAMS 0x0000000080500000, 0x0000000080400000| Complete 
|   5|0x0000000080500000, 0x0000000080600000, 0x0000000080600000|100%|HC|  |TAMS 0x0000000080600000, 0x0000000080500000| Complete 
|   6|0x0000000080600000, 0x0000000080700000, 0x0000000080700000|100%| O|  |TAMS 0x0000000080700000, 0x0000000080600000| Untracked 
|   7|0x0000000080700000, 0x0000000080800000, 0x0000000080800000|100%| O|  |TAMS 0x0000000080800000, 0x0000000080700000| Untracked 
|   8|0x0000000080800000, 0x0000000080900000, 0x0000000080900000|100%| O|  |TAMS 0x0000000080900000, 0x0000000080800000| Untracked 
|   9|0x0000000080900000, 0x0000000080a00000, 0x0000000080a00000|100%| O|  |TAMS 0x0000000080a00000, 0x0000000080900000| Untracked 
|  10|0x0000000080a00000, 0x0000000080b00000, 0x0000000080b00000|100%| O|  |TAMS 0x0000000080b00000, 0x0000000080a00000| Untracked 
|  11|0x0000000080b00000, 0x0000000080c00000, 0x0000000080c00000|100%| O|  |TAMS 0x0000000080c00000, 0x0000000080b00000| Untracked 
|  12|0x0000000080c00000, 0x0000000080d00000, 0x0000000080d00000|100%| O|  |TAMS 0x0000000080d00000, 0x0000000080c00000| Untracked 
|  13|0x0000000080d00000, 0x0000000080e00000, 0x0000000080e00000|100%| O|  |TAMS 0x0000000080e00000, 0x0000000080d00000| Untracked 
|  14|0x0000000080e00000, 0x0000000080f00000, 0x0000000080f00000|100%| O|  |TAMS 0x0000000080f00000, 0x0000000080e00000| Untracked 
|  15|0x0000000080f00000, 0x0000000081000000, 0x0000000081000000|100%| O|  |TAMS 0x0000000081000000, 0x0000000080f00000| Untracked 
|  16|0x0000000081000000, 0x0000000081100000, 0x0000000081100000|100%| O|  |TAMS 0x0000000081100000, 0x0000000081000000| Untracked 
|  17|0x0000000081100000, 0x0000000081200000, 0x0000000081200000|100%| O|  |TAMS 0x0000000081200000, 0x0000000081100000| Untracked 
|  18|0x0000000081200000, 0x0000000081300000, 0x0000000081300000|100%| O|  |TAMS 0x0000000081300000, 0x0000000081200000| Untracked 
|  19|0x0000000081300000, 0x0000000081400000, 0x0000000081400000|100%| O|  |TAMS 0x0000000081400000, 0x0000000081300000| Untracked 
|  20|0x0000000081400000, 0x0000000081500000, 0x0000000081500000|100%| O|  |TAMS 0x0000000081500000, 0x0000000081400000| Untracked 
|  21|0x0000000081500000, 0x0000000081600000, 0x0000000081600000|100%| O|  |TAMS 0x0000000081600000, 0x0000000081500000| Untracked 
|  22|0x0000000081600000, 0x0000000081700000, 0x0000000081700000|100%| O|  |TAMS 0x0000000081700000, 0x0000000081600000| Untracked 
|  23|0x0000000081700000, 0x0000000081800000, 0x0000000081800000|100%| O|  |TAMS 0x0000000081800000, 0x0000000081700000| Untracked 
|  24|0x0000000081800000, 0x0000000081900000, 0x0000000081900000|100%| O|  |TAMS 0x0000000081900000, 0x0000000081800000| Untracked 
|  25|0x0000000081900000, 0x0000000081a00000, 0x0000000081a00000|100%| O|  |TAMS 0x0000000081a00000, 0x0000000081900000| Untracked 
|  26|0x0000000081a00000, 0x0000000081b00000, 0x0000000081b00000|100%| O|  |TAMS 0x0000000081b00000, 0x0000000081a00000| Untracked 
|  27|0x0000000081b00000, 0x0000000081c00000, 0x0000000081c00000|100%| O|  |TAMS 0x0000000081c00000, 0x0000000081b00000| Untracked 
|  28|0x0000000081c00000, 0x0000000081d00000, 0x0000000081d00000|100%| O|  |TAMS 0x0000000081d00000, 0x0000000081c00000| Untracked 
|  29|0x0000000081d00000, 0x0000000081e00000, 0x0000000081e00000|100%| O|  |TAMS 0x0000000081e00000, 0x0000000081d00000| Untracked 
|  30|0x0000000081e00000, 0x0000000081f00000, 0x0000000081f00000|100%| O|  |TAMS 0x0000000081f00000, 0x0000000081e00000| Untracked 
|  31|0x0000000081f00000, 0x0000000082000000, 0x0000000082000000|100%| O|  |TAMS 0x0000000082000000, 0x0000000081f00000| Untracked 
|  32|0x0000000082000000, 0x0000000082100000, 0x0000000082100000|100%| O|  |TAMS 0x0000000082100000, 0x0000000082000000| Untracked 
|  33|0x0000000082100000, 0x0000000082200000, 0x0000000082200000|100%| O|  |TAMS 0x0000000082200000, 0x0000000082100000| Untracked 
|  34|0x0000000082200000, 0x0000000082300000, 0x0000000082300000|100%| O|  |TAMS 0x0000000082300000, 0x0000000082200000| Untracked 
|  35|0x0000000082300000, 0x0000000082400000, 0x0000000082400000|100%| O|  |TAMS 0x0000000082400000, 0x0000000082300000| Untracked 
|  36|0x0000000082400000, 0x0000000082500000, 0x0000000082500000|100%|HS|  |TAMS 0x0000000082500000, 0x0000000082400000| Complete 
|  37|0x0000000082500000, 0x0000000082600000, 0x0000000082600000|100%|HC|  |TAMS 0x0000000082600000, 0x0000000082500000| Complete 
|  38|0x0000000082600000, 0x0000000082700000, 0x0000000082700000|100%| O|  |TAMS 0x0000000082700000, 0x0000000082600000| Untracked 
|  39|0x0000000082700000, 0x0000000082800000, 0x0000000082800000|100%| O|  |TAMS 0x0000000082800000, 0x0000000082700000| Untracked 
|  40|0x0000000082800000, 0x0000000082900000, 0x0000000082900000|100%|HS|  |TAMS 0x0000000082900000, 0x0000000082800000| Complete 
|  41|0x0000000082900000, 0x0000000082a00000, 0x0000000082a00000|100%|HC|  |TAMS 0x0000000082a00000, 0x0000000082900000| Complete 
|  42|0x0000000082a00000, 0x0000000082b00000, 0x0000000082b00000|100%|HS|  |TAMS 0x0000000082b00000, 0x0000000082a00000| Complete 
|  43|0x0000000082b00000, 0x0000000082c00000, 0x0000000082c00000|100%|HC|  |TAMS 0x0000000082c00000, 0x0000000082b00000| Complete 
|  44|0x0000000082c00000, 0x0000000082d00000, 0x0000000082d00000|100%|HC|  |TAMS 0x0000000082d00000, 0x0000000082c00000| Complete 
|  45|0x0000000082d00000, 0x0000000082e00000, 0x0000000082e00000|100%|HC|  |TAMS 0x0000000082e00000, 0x0000000082d00000| Complete 
|  46|0x0000000082e00000, 0x0000000082f00000, 0x0000000082f00000|100%| O|  |TAMS 0x0000000082f00000, 0x0000000082e00000| Untracked 
|  47|0x0000000082f00000, 0x0000000083000000, 0x0000000083000000|100%| O|  |TAMS 0x0000000083000000, 0x0000000082f00000| Untracked 
|  48|0x0000000083000000, 0x0000000083100000, 0x0000000083100000|100%| O|  |TAMS 0x0000000083100000, 0x0000000083000000| Untracked 
|  49|0x0000000083100000, 0x0000000083200000, 0x0000000083200000|100%| O|  |TAMS 0x0000000083200000, 0x0000000083100000| Untracked 
|  50|0x0000000083200000, 0x0000000083300000, 0x0000000083300000|100%|HS|  |TAMS 0x0000000083300000, 0x0000000083200000| Complete 
|  51|0x0000000083300000, 0x0000000083400000, 0x0000000083400000|100%|HC|  |TAMS 0x0000000083400000, 0x0000000083300000| Complete 
|  52|0x0000000083400000, 0x0000000083500000, 0x0000000083500000|100%|HC|  |TAMS 0x0000000083500000, 0x0000000083400000| Complete 
|  53|0x0000000083500000, 0x0000000083600000, 0x0000000083600000|100%|HC|  |TAMS 0x0000000083600000, 0x0000000083500000| Complete 
|  54|0x0000000083600000, 0x0000000083700000, 0x0000000083700000|100%| O|  |TAMS 0x0000000083700000, 0x0000000083600000| Untracked 
|  55|0x0000000083700000, 0x0000000083800000, 0x0000000083800000|100%| O|  |TAMS 0x0000000083800000, 0x0000000083700000| Untracked 
|  56|0x0000000083800000, 0x0000000083900000, 0x0000000083900000|100%| O|  |TAMS 0x0000000083900000, 0x0000000083800000| Untracked 
|  57|0x0000000083900000, 0x0000000083a00000, 0x0000000083a00000|100%| O|  |TAMS 0x0000000083a00000, 0x0000000083900000| Untracked 
|  58|0x0000000083a00000, 0x0000000083b00000, 0x0000000083b00000|100%| O|  |TAMS 0x0000000083b00000, 0x0000000083a00000| Untracked 
|  59|0x0000000083b00000, 0x0000000083c00000, 0x0000000083c00000|100%| O|  |TAMS 0x0000000083c00000, 0x0000000083b00000| Untracked 
|  60|0x0000000083c00000, 0x0000000083d00000, 0x0000000083d00000|100%| O|  |TAMS 0x0000000083d00000, 0x0000000083c00000| Untracked 
|  61|0x0000000083d00000, 0x0000000083e00000, 0x0000000083e00000|100%| O|  |TAMS 0x0000000083e00000, 0x0000000083d00000| Untracked 
|  62|0x0000000083e00000, 0x0000000083f00000, 0x0000000083f00000|100%| O|  |TAMS 0x0000000083f00000, 0x0000000083e00000| Untracked 
|  63|0x0000000083f00000, 0x0000000084000000, 0x0000000084000000|100%| O|  |TAMS 0x0000000084000000, 0x0000000083f00000| Untracked 
|  64|0x0000000084000000, 0x0000000084100000, 0x0000000084100000|100%|HS|  |TAMS 0x0000000084100000, 0x0000000084000000| Complete 
|  65|0x0000000084100000, 0x0000000084200000, 0x0000000084200000|100%|HS|  |TAMS 0x0000000084200000, 0x0000000084100000| Complete 
|  66|0x0000000084200000, 0x0000000084300000, 0x0000000084300000|100%|HS|  |TAMS 0x0000000084300000, 0x0000000084200000| Complete 
|  67|0x0000000084300000, 0x0000000084400000, 0x0000000084400000|100%| O|  |TAMS 0x0000000084400000, 0x0000000084300000| Untracked 
|  68|0x0000000084400000, 0x0000000084500000, 0x0000000084500000|100%|HS|  |TAMS 0x0000000084500000, 0x0000000084400000| Complete 
|  69|0x0000000084500000, 0x0000000084600000, 0x0000000084600000|100%| O|  |TAMS 0x0000000084600000, 0x0000000084500000| Untracked 
|  70|0x0000000084600000, 0x0000000084700000, 0x0000000084700000|100%| O|  |TAMS 0x0000000084700000, 0x0000000084600000| Untracked 
|  71|0x0000000084700000, 0x0000000084800000, 0x0000000084800000|100%| O|  |TAMS 0x0000000084800000, 0x0000000084700000| Untracked 
|  72|0x0000000084800000, 0x0000000084900000, 0x0000000084900000|100%| O|  |TAMS 0x0000000084900000, 0x0000000084800000| Untracked 
|  73|0x0000000084900000, 0x0000000084a00000, 0x0000000084a00000|100%| O|  |TAMS 0x0000000084a00000, 0x0000000084900000| Untracked 
|  74|0x0000000084a00000, 0x0000000084b00000, 0x0000000084b00000|100%| O|  |TAMS 0x0000000084b00000, 0x0000000084a00000| Untracked 
|  75|0x0000000084b00000, 0x0000000084c00000, 0x0000000084c00000|100%| O|  |TAMS 0x0000000084c00000, 0x0000000084b00000| Untracked 
|  76|0x0000000084c00000, 0x0000000084d00000, 0x0000000084d00000|100%| O|  |TAMS 0x0000000084d00000, 0x0000000084c00000| Untracked 
|  77|0x0000000084d00000, 0x0000000084e00000, 0x0000000084e00000|100%| O|  |TAMS 0x0000000084e00000, 0x0000000084d00000| Untracked 
|  78|0x0000000084e00000, 0x0000000084f00000, 0x0000000084f00000|100%| O|  |TAMS 0x0000000084f00000, 0x0000000084e00000| Untracked 
|  79|0x0000000084f00000, 0x0000000085000000, 0x0000000085000000|100%| O|  |TAMS 0x0000000085000000, 0x0000000084f00000| Untracked 
|  80|0x0000000085000000, 0x0000000085100000, 0x0000000085100000|100%| O|  |TAMS 0x0000000085100000, 0x0000000085000000| Untracked 
|  81|0x0000000085100000, 0x0000000085200000, 0x0000000085200000|100%| O|  |TAMS 0x0000000085200000, 0x0000000085100000| Untracked 
|  82|0x0000000085200000, 0x0000000085300000, 0x0000000085300000|100%| O|  |TAMS 0x0000000085300000, 0x0000000085200000| Untracked 
|  83|0x0000000085300000, 0x0000000085400000, 0x0000000085400000|100%| O|  |TAMS 0x0000000085400000, 0x0000000085300000| Untracked 
|  84|0x0000000085400000, 0x0000000085500000, 0x0000000085500000|100%| O|  |TAMS 0x0000000085500000, 0x0000000085400000| Untracked 
|  85|0x0000000085500000, 0x0000000085600000, 0x0000000085600000|100%| O|  |TAMS 0x0000000085600000, 0x0000000085500000| Untracked 
|  86|0x0000000085600000, 0x0000000085700000, 0x0000000085700000|100%| O|  |TAMS 0x0000000085700000, 0x0000000085600000| Untracked 
|  87|0x0000000085700000, 0x0000000085800000, 0x0000000085800000|100%| O|  |TAMS 0x0000000085800000, 0x0000000085700000| Untracked 
|  88|0x0000000085800000, 0x0000000085900000, 0x0000000085900000|100%| O|  |TAMS 0x0000000085900000, 0x0000000085800000| Untracked 
|  89|0x0000000085900000, 0x0000000085a00000, 0x0000000085a00000|100%| O|  |TAMS 0x0000000085a00000, 0x0000000085900000| Untracked 
|  90|0x0000000085a00000, 0x0000000085b00000, 0x0000000085b00000|100%|HS|  |TAMS 0x0000000085b00000, 0x0000000085a00000| Complete 
|  91|0x0000000085b00000, 0x0000000085c00000, 0x0000000085c00000|100%| O|  |TAMS 0x0000000085c00000, 0x0000000085b00000| Untracked 
|  92|0x0000000085c00000, 0x0000000085d00000, 0x0000000085d00000|100%| O|  |TAMS 0x0000000085d00000, 0x0000000085c00000| Untracked 
|  93|0x0000000085d00000, 0x0000000085e00000, 0x0000000085e00000|100%| O|  |TAMS 0x0000000085e00000, 0x0000000085d00000| Untracked 
|  94|0x0000000085e00000, 0x0000000085f00000, 0x0000000085f00000|100%| O|  |TAMS 0x0000000085f00000, 0x0000000085e00000| Untracked 
|  95|0x0000000085f00000, 0x0000000086000000, 0x0000000086000000|100%| O|  |TAMS 0x0000000086000000, 0x0000000085f00000| Untracked 
|  96|0x0000000086000000, 0x0000000086100000, 0x0000000086100000|100%|HS|  |TAMS 0x0000000086100000, 0x0000000086000000| Complete 
|  97|0x0000000086100000, 0x0000000086200000, 0x0000000086200000|100%|HS|  |TAMS 0x0000000086200000, 0x0000000086100000| Complete 
|  98|0x0000000086200000, 0x0000000086300000, 0x0000000086300000|100%| O|  |TAMS 0x0000000086300000, 0x0000000086200000| Untracked 
|  99|0x0000000086300000, 0x0000000086400000, 0x0000000086400000|100%|HS|  |TAMS 0x0000000086400000, 0x0000000086300000| Complete 
| 100|0x0000000086400000, 0x0000000086500000, 0x0000000086500000|100%|HC|  |TAMS 0x0000000086500000, 0x0000000086400000| Complete 
| 101|0x0000000086500000, 0x0000000086600000, 0x0000000086600000|100%| O|  |TAMS 0x0000000086600000, 0x0000000086500000| Untracked 
| 102|0x0000000086600000, 0x0000000086700000, 0x0000000086700000|100%| O|  |TAMS 0x0000000086700000, 0x0000000086600000| Untracked 
| 103|0x0000000086700000, 0x0000000086800000, 0x0000000086800000|100%| O|  |TAMS 0x0000000086800000, 0x0000000086700000| Untracked 
| 104|0x0000000086800000, 0x0000000086900000, 0x0000000086900000|100%| O|  |TAMS 0x0000000086900000, 0x0000000086800000| Untracked 
| 105|0x0000000086900000, 0x0000000086a00000, 0x0000000086a00000|100%|HS|  |TAMS 0x0000000086a00000, 0x0000000086900000| Complete 
| 106|0x0000000086a00000, 0x0000000086b00000, 0x0000000086b00000|100%| O|  |TAMS 0x0000000086b00000, 0x0000000086a00000| Untracked 
| 107|0x0000000086b00000, 0x0000000086c00000, 0x0000000086c00000|100%| O|  |TAMS 0x0000000086c00000, 0x0000000086b00000| Untracked 
| 108|0x0000000086c00000, 0x0000000086d00000, 0x0000000086d00000|100%| O|  |TAMS 0x0000000086d00000, 0x0000000086c00000| Untracked 
| 109|0x0000000086d00000, 0x0000000086e00000, 0x0000000086e00000|100%| O|  |TAMS 0x0000000086e00000, 0x0000000086d00000| Untracked 
| 110|0x0000000086e00000, 0x0000000086f00000, 0x0000000086f00000|100%| O|  |TAMS 0x0000000086f00000, 0x0000000086e00000| Untracked 
| 111|0x0000000086f00000, 0x0000000086f00000, 0x0000000087000000|  0%| F|  |TAMS 0x0000000086f00000, 0x0000000086f00000| Untracked 
| 112|0x0000000087000000, 0x0000000087100000, 0x0000000087100000|100%| O|  |TAMS 0x0000000087100000, 0x0000000087000000| Untracked 
| 113|0x0000000087100000, 0x0000000087200000, 0x0000000087200000|100%| O|  |TAMS 0x0000000087200000, 0x0000000087100000| Untracked 
| 114|0x0000000087200000, 0x0000000087300000, 0x0000000087300000|100%| O|  |TAMS 0x0000000087300000, 0x0000000087200000| Untracked 
| 115|0x0000000087300000, 0x0000000087400000, 0x0000000087400000|100%| O|  |TAMS 0x0000000087400000, 0x0000000087300000| Untracked 
| 116|0x0000000087400000, 0x0000000087500000, 0x0000000087500000|100%| O|  |TAMS 0x0000000087500000, 0x0000000087400000| Untracked 
| 117|0x0000000087500000, 0x0000000087600000, 0x0000000087600000|100%| O|  |TAMS 0x0000000087600000, 0x0000000087500000| Untracked 
| 118|0x0000000087600000, 0x0000000087700000, 0x0000000087700000|100%| O|  |TAMS 0x0000000087700000, 0x0000000087600000| Untracked 
| 119|0x0000000087700000, 0x0000000087800000, 0x0000000087800000|100%| O|  |TAMS 0x0000000087800000, 0x0000000087700000| Untracked 
| 120|0x0000000087800000, 0x0000000087900000, 0x0000000087900000|100%| O|  |TAMS 0x0000000087900000, 0x0000000087800000| Untracked 
| 121|0x0000000087900000, 0x0000000087a00000, 0x0000000087a00000|100%| O|  |TAMS 0x0000000087900000, 0x0000000087900000| Untracked 
| 122|0x0000000087a00000, 0x0000000087b00000, 0x0000000087b00000|100%|HS|  |TAMS 0x0000000087b00000, 0x0000000087a00000| Complete 
| 123|0x0000000087b00000, 0x0000000087c00000, 0x0000000087c00000|100%| O|  |TAMS 0x0000000087c00000, 0x0000000087b00000| Untracked 
| 124|0x0000000087c00000, 0x0000000087d00000, 0x0000000087d00000|100%| O|  |TAMS 0x0000000087d00000, 0x0000000087c00000| Untracked 
| 125|0x0000000087d00000, 0x0000000087e00000, 0x0000000087e00000|100%| O|  |TAMS 0x0000000087e00000, 0x0000000087d00000| Untracked 
| 126|0x0000000087e00000, 0x0000000087f00000, 0x0000000087f00000|100%| O|  |TAMS 0x0000000087f00000, 0x0000000087e00000| Untracked 
| 127|0x0000000087f00000, 0x0000000088000000, 0x0000000088000000|100%| O|  |TAMS 0x0000000088000000, 0x0000000087f00000| Untracked 
| 128|0x0000000088000000, 0x0000000088100000, 0x0000000088100000|100%| O|  |TAMS 0x0000000088100000, 0x0000000088000000| Untracked 
| 129|0x0000000088100000, 0x0000000088200000, 0x0000000088200000|100%| O|  |TAMS 0x0000000088200000, 0x0000000088100000| Untracked 
| 130|0x0000000088200000, 0x0000000088300000, 0x0000000088300000|100%| O|  |TAMS 0x0000000088300000, 0x0000000088200000| Untracked 
| 131|0x0000000088300000, 0x0000000088400000, 0x0000000088400000|100%| O|  |TAMS 0x0000000088400000, 0x0000000088300000| Untracked 
| 132|0x0000000088400000, 0x0000000088500000, 0x0000000088500000|100%| O|  |TAMS 0x0000000088500000, 0x0000000088400000| Untracked 
| 133|0x0000000088500000, 0x0000000088600000, 0x0000000088600000|100%| O|  |TAMS 0x000000008852f200, 0x0000000088500000| Untracked 
| 134|0x0000000088600000, 0x0000000088700000, 0x0000000088700000|100%| O|  |TAMS 0x0000000088600000, 0x0000000088600000| Untracked 
| 135|0x0000000088700000, 0x0000000088800000, 0x0000000088800000|100%| O|  |TAMS 0x0000000088700000, 0x0000000088700000| Untracked 
| 136|0x0000000088800000, 0x0000000088900000, 0x0000000088900000|100%| O|  |TAMS 0x0000000088800000, 0x0000000088800000| Untracked 
| 137|0x0000000088900000, 0x0000000088a00000, 0x0000000088a00000|100%| O|  |TAMS 0x0000000088900000, 0x0000000088900000| Untracked 
| 138|0x0000000088a00000, 0x0000000088b00000, 0x0000000088b00000|100%| O|  |TAMS 0x0000000088a00000, 0x0000000088a00000| Untracked 
| 139|0x0000000088b00000, 0x0000000088c00000, 0x0000000088c00000|100%| O|  |TAMS 0x0000000088b00000, 0x0000000088b00000| Untracked 
| 140|0x0000000088c00000, 0x0000000088d00000, 0x0000000088d00000|100%| O|  |TAMS 0x0000000088c00000, 0x0000000088c00000| Untracked 
| 141|0x0000000088d00000, 0x0000000088e00000, 0x0000000088e00000|100%| O|  |TAMS 0x0000000088d00000, 0x0000000088d00000| Untracked 
| 142|0x0000000088e00000, 0x0000000088f00000, 0x0000000088f00000|100%| O|  |TAMS 0x0000000088e00000, 0x0000000088e00000| Untracked 
| 143|0x0000000088f00000, 0x0000000088f13800, 0x0000000089000000|  7%| O|  |TAMS 0x0000000088f00000, 0x0000000088f00000| Untracked 
| 144|0x0000000089000000, 0x0000000089000000, 0x0000000089100000|  0%| F|  |TAMS 0x0000000089000000, 0x0000000089000000| Untracked 
| 145|0x0000000089100000, 0x0000000089100000, 0x0000000089200000|  0%| F|  |TAMS 0x0000000089100000, 0x0000000089100000| Untracked 
| 146|0x0000000089200000, 0x0000000089200000, 0x0000000089300000|  0%| F|  |TAMS 0x0000000089200000, 0x0000000089200000| Untracked 
| 147|0x0000000089300000, 0x0000000089300000, 0x0000000089400000|  0%| F|  |TAMS 0x0000000089300000, 0x0000000089300000| Untracked 
| 148|0x0000000089400000, 0x0000000089400000, 0x0000000089500000|  0%| F|  |TAMS 0x0000000089400000, 0x0000000089400000| Untracked 
| 149|0x0000000089500000, 0x0000000089500000, 0x0000000089600000|  0%| F|  |TAMS 0x0000000089500000, 0x0000000089500000| Untracked 
| 150|0x0000000089600000, 0x0000000089600000, 0x0000000089700000|  0%| F|  |TAMS 0x0000000089600000, 0x0000000089600000| Untracked 
| 151|0x0000000089700000, 0x0000000089700000, 0x0000000089800000|  0%| F|  |TAMS 0x0000000089700000, 0x0000000089700000| Untracked 
| 152|0x0000000089800000, 0x0000000089800000, 0x0000000089900000|  0%| F|  |TAMS 0x0000000089800000, 0x0000000089800000| Untracked 
| 153|0x0000000089900000, 0x0000000089900000, 0x0000000089a00000|  0%| F|  |TAMS 0x0000000089900000, 0x0000000089900000| Untracked 
| 154|0x0000000089a00000, 0x0000000089a00000, 0x0000000089b00000|  0%| F|  |TAMS 0x0000000089a00000, 0x0000000089a00000| Untracked 
| 155|0x0000000089b00000, 0x0000000089b00000, 0x0000000089c00000|  0%| F|  |TAMS 0x0000000089b00000, 0x0000000089b00000| Untracked 
| 156|0x0000000089c00000, 0x0000000089c00000, 0x0000000089d00000|  0%| F|  |TAMS 0x0000000089c00000, 0x0000000089c00000| Untracked 
| 157|0x0000000089d00000, 0x0000000089d00000, 0x0000000089e00000|  0%| F|  |TAMS 0x0000000089d00000, 0x0000000089d00000| Untracked 
| 158|0x0000000089e00000, 0x0000000089e00000, 0x0000000089f00000|  0%| F|  |TAMS 0x0000000089e00000, 0x0000000089e00000| Untracked 
| 159|0x0000000089f00000, 0x0000000089f00000, 0x000000008a000000|  0%| F|  |TAMS 0x0000000089f00000, 0x0000000089f00000| Untracked 
| 160|0x000000008a000000, 0x000000008a000000, 0x000000008a100000|  0%| F|  |TAMS 0x000000008a000000, 0x000000008a000000| Untracked 
| 161|0x000000008a100000, 0x000000008a100000, 0x000000008a200000|  0%| F|  |TAMS 0x000000008a100000, 0x000000008a100000| Untracked 
| 162|0x000000008a200000, 0x000000008a200000, 0x000000008a300000|  0%| F|  |TAMS 0x000000008a200000, 0x000000008a200000| Untracked 
| 163|0x000000008a300000, 0x000000008a300000, 0x000000008a400000|  0%| F|  |TAMS 0x000000008a300000, 0x000000008a300000| Untracked 
| 164|0x000000008a400000, 0x000000008a400000, 0x000000008a500000|  0%| F|  |TAMS 0x000000008a400000, 0x000000008a400000| Untracked 
| 165|0x000000008a500000, 0x000000008a500000, 0x000000008a600000|  0%| F|  |TAMS 0x000000008a500000, 0x000000008a500000| Untracked 
| 166|0x000000008a600000, 0x000000008a600000, 0x000000008a700000|  0%| F|  |TAMS 0x000000008a600000, 0x000000008a600000| Untracked 
| 167|0x000000008a700000, 0x000000008a700000, 0x000000008a800000|  0%| F|  |TAMS 0x000000008a700000, 0x000000008a700000| Untracked 
| 168|0x000000008a800000, 0x000000008a800000, 0x000000008a900000|  0%| F|  |TAMS 0x000000008a800000, 0x000000008a800000| Untracked 
| 169|0x000000008a900000, 0x000000008a900000, 0x000000008aa00000|  0%| F|  |TAMS 0x000000008a900000, 0x000000008a900000| Untracked 
| 170|0x000000008aa00000, 0x000000008aa00000, 0x000000008ab00000|  0%| F|  |TAMS 0x000000008aa00000, 0x000000008aa00000| Untracked 
| 171|0x000000008ab00000, 0x000000008ab00000, 0x000000008ac00000|  0%| F|  |TAMS 0x000000008ab00000, 0x000000008ab00000| Untracked 
| 172|0x000000008ac00000, 0x000000008ac00000, 0x000000008ad00000|  0%| F|  |TAMS 0x000000008ac00000, 0x000000008ac00000| Untracked 
| 173|0x000000008ad00000, 0x000000008ad00000, 0x000000008ae00000|  0%| F|  |TAMS 0x000000008ad00000, 0x000000008ad00000| Untracked 
| 174|0x000000008ae00000, 0x000000008ae00000, 0x000000008af00000|  0%| F|  |TAMS 0x000000008ae00000, 0x000000008ae00000| Untracked 
| 175|0x000000008af00000, 0x000000008af00000, 0x000000008b000000|  0%| F|  |TAMS 0x000000008af00000, 0x000000008af00000| Untracked 
| 176|0x000000008b000000, 0x000000008b000000, 0x000000008b100000|  0%| F|  |TAMS 0x000000008b000000, 0x000000008b000000| Untracked 
| 177|0x000000008b100000, 0x000000008b100000, 0x000000008b200000|  0%| F|  |TAMS 0x000000008b100000, 0x000000008b100000| Untracked 
| 178|0x000000008b200000, 0x000000008b200000, 0x000000008b300000|  0%| F|  |TAMS 0x000000008b200000, 0x000000008b200000| Untracked 
| 179|0x000000008b300000, 0x000000008b300000, 0x000000008b400000|  0%| F|  |TAMS 0x000000008b300000, 0x000000008b300000| Untracked 
| 180|0x000000008b400000, 0x000000008b400000, 0x000000008b500000|  0%| F|  |TAMS 0x000000008b400000, 0x000000008b400000| Untracked 
| 181|0x000000008b500000, 0x000000008b500000, 0x000000008b600000|  0%| F|  |TAMS 0x000000008b500000, 0x000000008b500000| Untracked 
| 182|0x000000008b600000, 0x000000008b600000, 0x000000008b700000|  0%| F|  |TAMS 0x000000008b600000, 0x000000008b600000| Untracked 
| 183|0x000000008b700000, 0x000000008b700000, 0x000000008b800000|  0%| F|  |TAMS 0x000000008b700000, 0x000000008b700000| Untracked 
| 184|0x000000008b800000, 0x000000008b800000, 0x000000008b900000|  0%| F|  |TAMS 0x000000008b800000, 0x000000008b800000| Untracked 
| 185|0x000000008b900000, 0x000000008b900000, 0x000000008ba00000|  0%| F|  |TAMS 0x000000008b900000, 0x000000008b900000| Untracked 
| 186|0x000000008ba00000, 0x000000008ba00000, 0x000000008bb00000|  0%| F|  |TAMS 0x000000008ba00000, 0x000000008ba00000| Untracked 
| 187|0x000000008bb00000, 0x000000008bb00000, 0x000000008bc00000|  0%| F|  |TAMS 0x000000008bb00000, 0x000000008bb00000| Untracked 
| 188|0x000000008bc00000, 0x000000008bc00000, 0x000000008bd00000|  0%| F|  |TAMS 0x000000008bc00000, 0x000000008bc00000| Untracked 
| 189|0x000000008bd00000, 0x000000008bd00000, 0x000000008be00000|  0%| F|  |TAMS 0x000000008bd00000, 0x000000008bd00000| Untracked 
| 190|0x000000008be00000, 0x000000008be00000, 0x000000008bf00000|  0%| F|  |TAMS 0x000000008be00000, 0x000000008be00000| Untracked 
| 191|0x000000008bf00000, 0x000000008bf00000, 0x000000008c000000|  0%| F|  |TAMS 0x000000008bf00000, 0x000000008bf00000| Untracked 
| 192|0x000000008c000000, 0x000000008c000000, 0x000000008c100000|  0%| F|  |TAMS 0x000000008c000000, 0x000000008c000000| Untracked 
| 193|0x000000008c100000, 0x000000008c100000, 0x000000008c200000|  0%| F|  |TAMS 0x000000008c100000, 0x000000008c100000| Untracked 
| 194|0x000000008c200000, 0x000000008c200000, 0x000000008c300000|  0%| F|  |TAMS 0x000000008c200000, 0x000000008c200000| Untracked 
| 195|0x000000008c300000, 0x000000008c300000, 0x000000008c400000|  0%| F|  |TAMS 0x000000008c300000, 0x000000008c300000| Untracked 
| 196|0x000000008c400000, 0x000000008c400000, 0x000000008c500000|  0%| F|  |TAMS 0x000000008c400000, 0x000000008c400000| Untracked 
| 197|0x000000008c500000, 0x000000008c500000, 0x000000008c600000|  0%| F|  |TAMS 0x000000008c500000, 0x000000008c500000| Untracked 
| 198|0x000000008c600000, 0x000000008c600000, 0x000000008c700000|  0%| F|  |TAMS 0x000000008c600000, 0x000000008c600000| Untracked 
| 199|0x000000008c700000, 0x000000008c700000, 0x000000008c800000|  0%| F|  |TAMS 0x000000008c700000, 0x000000008c700000| Untracked 
| 200|0x000000008c800000, 0x000000008c800000, 0x000000008c900000|  0%| F|  |TAMS 0x000000008c800000, 0x000000008c800000| Untracked 
| 201|0x000000008c900000, 0x000000008c900000, 0x000000008ca00000|  0%| F|  |TAMS 0x000000008c900000, 0x000000008c900000| Untracked 
| 202|0x000000008ca00000, 0x000000008ca00000, 0x000000008cb00000|  0%| F|  |TAMS 0x000000008ca00000, 0x000000008ca00000| Untracked 
| 203|0x000000008cb00000, 0x000000008cb00000, 0x000000008cc00000|  0%| F|  |TAMS 0x000000008cb00000, 0x000000008cb00000| Untracked 
| 204|0x000000008cc00000, 0x000000008cc00000, 0x000000008cd00000|  0%| F|  |TAMS 0x000000008cc00000, 0x000000008cc00000| Untracked 
| 205|0x000000008cd00000, 0x000000008cd00000, 0x000000008ce00000|  0%| F|  |TAMS 0x000000008cd00000, 0x000000008cd00000| Untracked 
| 206|0x000000008ce00000, 0x000000008ce00000, 0x000000008cf00000|  0%| F|  |TAMS 0x000000008ce00000, 0x000000008ce00000| Untracked 
| 207|0x000000008cf00000, 0x000000008cf00000, 0x000000008d000000|  0%| F|  |TAMS 0x000000008cf00000, 0x000000008cf00000| Untracked 
| 208|0x000000008d000000, 0x000000008d000000, 0x000000008d100000|  0%| F|  |TAMS 0x000000008d000000, 0x000000008d000000| Untracked 
| 209|0x000000008d100000, 0x000000008d100000, 0x000000008d200000|  0%| F|  |TAMS 0x000000008d100000, 0x000000008d100000| Untracked 
| 210|0x000000008d200000, 0x000000008d200000, 0x000000008d300000|  0%| F|  |TAMS 0x000000008d200000, 0x000000008d200000| Untracked 
| 211|0x000000008d300000, 0x000000008d300000, 0x000000008d400000|  0%| F|  |TAMS 0x000000008d300000, 0x000000008d300000| Untracked 
| 212|0x000000008d400000, 0x000000008d400000, 0x000000008d500000|  0%| F|  |TAMS 0x000000008d400000, 0x000000008d400000| Untracked 
| 213|0x000000008d500000, 0x000000008d500000, 0x000000008d600000|  0%| F|  |TAMS 0x000000008d500000, 0x000000008d500000| Untracked 
| 214|0x000000008d600000, 0x000000008d600000, 0x000000008d700000|  0%| F|  |TAMS 0x000000008d600000, 0x000000008d600000| Untracked 
| 215|0x000000008d700000, 0x000000008d700000, 0x000000008d800000|  0%| F|  |TAMS 0x000000008d700000, 0x000000008d700000| Untracked 
| 216|0x000000008d800000, 0x000000008d800000, 0x000000008d900000|  0%| F|  |TAMS 0x000000008d800000, 0x000000008d800000| Untracked 
| 217|0x000000008d900000, 0x000000008d900000, 0x000000008da00000|  0%| F|  |TAMS 0x000000008d900000, 0x000000008d900000| Untracked 
| 218|0x000000008da00000, 0x000000008da00000, 0x000000008db00000|  0%| F|  |TAMS 0x000000008da00000, 0x000000008da00000| Untracked 
| 219|0x000000008db00000, 0x000000008db00000, 0x000000008dc00000|  0%| F|  |TAMS 0x000000008db00000, 0x000000008db00000| Untracked 
| 220|0x000000008dc00000, 0x000000008dc00000, 0x000000008dd00000|  0%| F|  |TAMS 0x000000008dc00000, 0x000000008dc00000| Untracked 
| 221|0x000000008dd00000, 0x000000008dd00000, 0x000000008de00000|  0%| F|  |TAMS 0x000000008dd00000, 0x000000008dd00000| Untracked 
| 222|0x000000008de00000, 0x000000008de00000, 0x000000008df00000|  0%| F|  |TAMS 0x000000008de00000, 0x000000008de00000| Untracked 
| 223|0x000000008df00000, 0x000000008df00000, 0x000000008e000000|  0%| F|  |TAMS 0x000000008df00000, 0x000000008df00000| Untracked 
| 224|0x000000008e000000, 0x000000008e000000, 0x000000008e100000|  0%| F|  |TAMS 0x000000008e000000, 0x000000008e000000| Untracked 
| 225|0x000000008e100000, 0x000000008e100000, 0x000000008e200000|  0%| F|  |TAMS 0x000000008e100000, 0x000000008e100000| Untracked 
| 226|0x000000008e200000, 0x000000008e200000, 0x000000008e300000|  0%| F|  |TAMS 0x000000008e200000, 0x000000008e200000| Untracked 
| 227|0x000000008e300000, 0x000000008e300000, 0x000000008e400000|  0%| F|  |TAMS 0x000000008e300000, 0x000000008e300000| Untracked 
| 228|0x000000008e400000, 0x000000008e400000, 0x000000008e500000|  0%| F|  |TAMS 0x000000008e400000, 0x000000008e400000| Untracked 
| 229|0x000000008e500000, 0x000000008e500000, 0x000000008e600000|  0%| F|  |TAMS 0x000000008e500000, 0x000000008e500000| Untracked 
| 230|0x000000008e600000, 0x000000008e600000, 0x000000008e700000|  0%| F|  |TAMS 0x000000008e600000, 0x000000008e600000| Untracked 
| 231|0x000000008e700000, 0x000000008e700000, 0x000000008e800000|  0%| F|  |TAMS 0x000000008e700000, 0x000000008e700000| Untracked 
| 232|0x000000008e800000, 0x000000008e800000, 0x000000008e900000|  0%| F|  |TAMS 0x000000008e800000, 0x000000008e800000| Untracked 
| 233|0x000000008e900000, 0x000000008e900000, 0x000000008ea00000|  0%| F|  |TAMS 0x000000008e900000, 0x000000008e900000| Untracked 
| 234|0x000000008ea00000, 0x000000008ea00000, 0x000000008eb00000|  0%| F|  |TAMS 0x000000008ea00000, 0x000000008ea00000| Untracked 
| 235|0x000000008eb00000, 0x000000008eb00000, 0x000000008ec00000|  0%| F|  |TAMS 0x000000008eb00000, 0x000000008eb00000| Untracked 
| 236|0x000000008ec00000, 0x000000008ec00000, 0x000000008ed00000|  0%| F|  |TAMS 0x000000008ec00000, 0x000000008ec00000| Untracked 
| 237|0x000000008ed00000, 0x000000008ed00000, 0x000000008ee00000|  0%| F|  |TAMS 0x000000008ed00000, 0x000000008ed00000| Untracked 
| 238|0x000000008ee00000, 0x000000008ee00000, 0x000000008ef00000|  0%| F|  |TAMS 0x000000008ee00000, 0x000000008ee00000| Untracked 
| 239|0x000000008ef00000, 0x000000008ef00000, 0x000000008f000000|  0%| F|  |TAMS 0x000000008ef00000, 0x000000008ef00000| Untracked 
| 240|0x000000008f000000, 0x000000008f000000, 0x000000008f100000|  0%| F|  |TAMS 0x000000008f000000, 0x000000008f000000| Untracked 
| 241|0x000000008f100000, 0x000000008f100000, 0x000000008f200000|  0%| F|  |TAMS 0x000000008f100000, 0x000000008f100000| Untracked 
| 242|0x000000008f200000, 0x000000008f200000, 0x000000008f300000|  0%| F|  |TAMS 0x000000008f200000, 0x000000008f200000| Untracked 
| 243|0x000000008f300000, 0x000000008f300000, 0x000000008f400000|  0%| F|  |TAMS 0x000000008f300000, 0x000000008f300000| Untracked 
| 244|0x000000008f400000, 0x000000008f400000, 0x000000008f500000|  0%| F|  |TAMS 0x000000008f400000, 0x000000008f400000| Untracked 
| 245|0x000000008f500000, 0x000000008f500000, 0x000000008f600000|  0%| F|  |TAMS 0x000000008f500000, 0x000000008f500000| Untracked 
| 246|0x000000008f600000, 0x000000008f600000, 0x000000008f700000|  0%| F|  |TAMS 0x000000008f600000, 0x000000008f600000| Untracked 
| 247|0x000000008f700000, 0x000000008f700000, 0x000000008f800000|  0%| F|  |TAMS 0x000000008f700000, 0x000000008f700000| Untracked 
| 248|0x000000008f800000, 0x000000008f800000, 0x000000008f900000|  0%| F|  |TAMS 0x000000008f800000, 0x000000008f800000| Untracked 
| 249|0x000000008f900000, 0x000000008f900000, 0x000000008fa00000|  0%| F|  |TAMS 0x000000008f900000, 0x000000008f900000| Untracked 
| 250|0x000000008fa00000, 0x000000008fa00000, 0x000000008fb00000|  0%| F|  |TAMS 0x000000008fa00000, 0x000000008fa00000| Untracked 
| 251|0x000000008fb00000, 0x000000008fb00000, 0x000000008fc00000|  0%| F|  |TAMS 0x000000008fb00000, 0x000000008fb00000| Untracked 
| 252|0x000000008fc00000, 0x000000008fc00000, 0x000000008fd00000|  0%| F|  |TAMS 0x000000008fc00000, 0x000000008fc00000| Untracked 
| 253|0x000000008fd00000, 0x000000008fd00000, 0x000000008fe00000|  0%| F|  |TAMS 0x000000008fd00000, 0x000000008fd00000| Untracked 
| 254|0x000000008fe00000, 0x000000008fe00000, 0x000000008ff00000|  0%| F|  |TAMS 0x000000008fe00000, 0x000000008fe00000| Untracked 
| 255|0x000000008ff00000, 0x000000008ff00000, 0x0000000090000000|  0%| F|  |TAMS 0x000000008ff00000, 0x000000008ff00000| Untracked 
| 256|0x0000000090000000, 0x0000000090000000, 0x0000000090100000|  0%| F|  |TAMS 0x0000000090000000, 0x0000000090000000| Untracked 
| 257|0x0000000090100000, 0x0000000090100000, 0x0000000090200000|  0%| F|  |TAMS 0x0000000090100000, 0x0000000090100000| Untracked 
| 258|0x0000000090200000, 0x0000000090200000, 0x0000000090300000|  0%| F|  |TAMS 0x0000000090200000, 0x0000000090200000| Untracked 
| 259|0x0000000090300000, 0x0000000090300000, 0x0000000090400000|  0%| F|  |TAMS 0x0000000090300000, 0x0000000090300000| Untracked 
| 260|0x0000000090400000, 0x0000000090400000, 0x0000000090500000|  0%| F|  |TAMS 0x0000000090400000, 0x0000000090400000| Untracked 
| 261|0x0000000090500000, 0x0000000090500000, 0x0000000090600000|  0%| F|  |TAMS 0x0000000090500000, 0x0000000090500000| Untracked 
| 262|0x0000000090600000, 0x0000000090600000, 0x0000000090700000|  0%| F|  |TAMS 0x0000000090600000, 0x0000000090600000| Untracked 
| 263|0x0000000090700000, 0x00000000907b3540, 0x0000000090800000| 70%| E|  |TAMS 0x0000000090700000, 0x0000000090700000| Complete 
| 264|0x0000000090800000, 0x0000000090900000, 0x0000000090900000|100%| E|CS|TAMS 0x0000000090800000, 0x0000000090800000| Complete 
| 265|0x0000000090900000, 0x0000000090a00000, 0x0000000090a00000|100%| E|CS|TAMS 0x0000000090900000, 0x0000000090900000| Complete 
| 266|0x0000000090a00000, 0x0000000090b00000, 0x0000000090b00000|100%| E|CS|TAMS 0x0000000090a00000, 0x0000000090a00000| Complete 
| 267|0x0000000090b00000, 0x0000000090c00000, 0x0000000090c00000|100%| E|CS|TAMS 0x0000000090b00000, 0x0000000090b00000| Complete 
| 268|0x0000000090c00000, 0x0000000090d00000, 0x0000000090d00000|100%| E|CS|TAMS 0x0000000090c00000, 0x0000000090c00000| Complete 
| 269|0x0000000090d00000, 0x0000000090e00000, 0x0000000090e00000|100%| E|  |TAMS 0x0000000090d00000, 0x0000000090d00000| Complete 
| 270|0x0000000090e00000, 0x0000000090f00000, 0x0000000090f00000|100%| E|CS|TAMS 0x0000000090e00000, 0x0000000090e00000| Complete 
| 271|0x0000000090f00000, 0x0000000091000000, 0x0000000091000000|100%| E|CS|TAMS 0x0000000090f00000, 0x0000000090f00000| Complete 
| 272|0x0000000091000000, 0x0000000091100000, 0x0000000091100000|100%| E|CS|TAMS 0x0000000091000000, 0x0000000091000000| Complete 
| 273|0x0000000091100000, 0x0000000091200000, 0x0000000091200000|100%| E|CS|TAMS 0x0000000091100000, 0x0000000091100000| Complete 
| 274|0x0000000091200000, 0x0000000091300000, 0x0000000091300000|100%| E|CS|TAMS 0x0000000091200000, 0x0000000091200000| Complete 
| 275|0x0000000091300000, 0x0000000091400000, 0x0000000091400000|100%| E|CS|TAMS 0x0000000091300000, 0x0000000091300000| Complete 
| 276|0x0000000091400000, 0x0000000091500000, 0x0000000091500000|100%| E|CS|TAMS 0x0000000091400000, 0x0000000091400000| Complete 
| 277|0x0000000091500000, 0x0000000091600000, 0x0000000091600000|100%| E|CS|TAMS 0x0000000091500000, 0x0000000091500000| Complete 
| 278|0x0000000091600000, 0x0000000091700000, 0x0000000091700000|100%| E|CS|TAMS 0x0000000091600000, 0x0000000091600000| Complete 
| 279|0x0000000091700000, 0x0000000091800000, 0x0000000091800000|100%| E|CS|TAMS 0x0000000091700000, 0x0000000091700000| Complete 
| 280|0x0000000091800000, 0x0000000091900000, 0x0000000091900000|100%| E|CS|TAMS 0x0000000091800000, 0x0000000091800000| Complete 
| 281|0x0000000091900000, 0x0000000091a00000, 0x0000000091a00000|100%| E|CS|TAMS 0x0000000091900000, 0x0000000091900000| Complete 
| 282|0x0000000091a00000, 0x0000000091b00000, 0x0000000091b00000|100%| E|CS|TAMS 0x0000000091a00000, 0x0000000091a00000| Complete 
| 283|0x0000000091b00000, 0x0000000091b80000, 0x0000000091c00000| 50%| S|CS|TAMS 0x0000000091b00000, 0x0000000091b00000| Complete 
| 284|0x0000000091c00000, 0x0000000091d00000, 0x0000000091d00000|100%| S|CS|TAMS 0x0000000091c00000, 0x0000000091c00000| Complete 
| 285|0x0000000091d00000, 0x0000000091e00000, 0x0000000091e00000|100%| E|CS|TAMS 0x0000000091d00000, 0x0000000091d00000| Complete 
| 286|0x0000000091e00000, 0x0000000091f00000, 0x0000000091f00000|100%| E|CS|TAMS 0x0000000091e00000, 0x0000000091e00000| Complete 
| 287|0x0000000091f00000, 0x0000000092000000, 0x0000000092000000|100%| E|CS|TAMS 0x0000000091f00000, 0x0000000091f00000| Complete 
| 288|0x0000000092000000, 0x0000000092100000, 0x0000000092100000|100%| E|CS|TAMS 0x0000000092000000, 0x0000000092000000| Complete 

Card table byte_map: [0x00000166dbb40000,0x00000166dbf40000] _byte_map_base: 0x00000166db740000

Marking Bits (Prev, Next): (CMBitMap*) 0x00000166c509be20, (CMBitMap*) 0x00000166c509bde0
 Prev Bits: [0x00000166de340000, 0x00000166e0340000)
 Next Bits: [0x00000166dc340000, 0x00000166de340000)

Polling page: 0x00000166c2e10000

Metaspace:

Usage:
  Non-class:     82.15 MB used.
      Class:     13.35 MB used.
       Both:     95.50 MB used.

Virtual space:
  Non-class space:      128.00 MB reserved,      82.62 MB ( 65%) committed,  2 nodes.
      Class space:      416.00 MB reserved,      13.75 MB (  3%) committed,  1 nodes.
             Both:      544.00 MB reserved,      96.38 MB ( 18%) committed. 

Chunk freelists:
   Non-Class:  13.25 MB
       Class:  2.06 MB
        Both:  15.31 MB

MaxMetaspaceSize: 512.00 MB
CompressedClassSpaceSize: 416.00 MB
Initial GC threshold: 21.00 MB
Current GC threshold: 158.44 MB
CDS: on
MetaspaceReclaimPolicy: balanced
 - commit_granule_bytes: 65536.
 - commit_granule_words: 8192.
 - virtual_space_node_default_size: 8388608.
 - enlarge_chunks_in_place: 1.
 - new_chunks_are_fully_committed: 0.
 - uncommit_free_chunks: 1.
 - use_allocation_guard: 0.
 - handle_deallocations: 1.


Internal statistics:

num_allocs_failed_limit: 3.
num_arena_births: 1186.
num_arena_deaths: 0.
num_vsnodes_births: 3.
num_vsnodes_deaths: 0.
num_space_committed: 1542.
num_space_uncommitted: 0.
num_chunks_returned_to_freelist: 3.
num_chunks_taken_from_freelist: 5455.
num_chunk_merges: 3.
num_chunk_splits: 3537.
num_chunks_enlarged: 2277.
num_inconsistent_stats: 0.

CodeHeap 'non-profiled nmethods': size=120064Kb used=7430Kb max_used=7798Kb free=112633Kb
 bounds [0x00000166d4600000, 0x00000166d4da0000, 0x00000166dbb40000]
CodeHeap 'profiled nmethods': size=120000Kb used=22911Kb max_used=25295Kb free=97088Kb
 bounds [0x00000166ccb40000, 0x00000166ce400000, 0x00000166d4070000]
CodeHeap 'non-nmethods': size=5696Kb used=2393Kb max_used=2448Kb free=3302Kb
 bounds [0x00000166d4070000, 0x00000166d42f0000, 0x00000166d4600000]
 total_blobs=12665 nmethods=11741 adapters=837
 compilation: enabled
              stopped_count=0, restarted_count=0
 full_count=0

Compilation events (20 events):
Event: 173.682 Thread 0x00000166e2752280 nmethod 14104 0x00000166ccc21990 code [0x00000166ccc21c80, 0x00000166ccc22f58]
Event: 173.688 Thread 0x00000166e27463b0 14105       4       com.google.common.cache.LocalCache$Segment::newEntry (18 bytes)
Event: 173.699 Thread 0x00000166e27463b0 nmethod 14105 0x00000166d47a9990 code [0x00000166d47a9b40, 0x00000166d47aa118]
Event: 173.704 Thread 0x00000166e2752280 14106       3       com.google.common.cache.LocalCache$Segment::cleanUp (21 bytes)
Event: 173.705 Thread 0x00000166e2752280 nmethod 14106 0x00000166ccca5690 code [0x00000166ccca5880, 0x00000166ccca5d68]
Event: 173.816 Thread 0x00000166e27463b0 14107       4       org.gradle.cache.internal.btree.KeyHasher$MessageDigestStream::getChecksum (41 bytes)
Event: 173.853 Thread 0x00000166e27463b0 nmethod 14107 0x00000166d4bd4710 code [0x00000166d4bd4900, 0x00000166d4bd53b8]
Event: 173.853 Thread 0x00000166e27463b0 14108       4       org.gradle.cache.internal.btree.KeyHasher$MessageDigestStream::write (11 bytes)
Event: 173.855 Thread 0x00000166e27463b0 nmethod 14108 0x00000166d4d77610 code [0x00000166d4d777a0, 0x00000166d4d778b8]
Event: 173.884 Thread 0x00000166e27463b0 14109       4       java.util.concurrent.TimeUnit::convert (77 bytes)
Event: 173.887 Thread 0x00000166e27463b0 nmethod 14109 0x00000166d47bb890 code [0x00000166d47bba20, 0x00000166d47bbc78]
Event: 173.945 Thread 0x00000166e27463b0 14110       4       org.gradle.internal.io.StreamByteBuffer$StreamByteBufferInputStream::read (8 bytes)
Event: 173.947 Thread 0x00000166e27463b0 nmethod 14110 0x00000166d4a69110 code [0x00000166d4a692a0, 0x00000166d4a69348]
Event: 173.992 Thread 0x00000166e27463b0 14111       4       java.lang.String::encode (48 bytes)
Event: 173.997 Thread 0x00000166e27463b0 nmethod 14111 0x00000166d4c2ca90 code [0x00000166d4c2cc40, 0x00000166d4c2cf30]
Event: 174.024 Thread 0x00000166e27463b0 14112       4       org.gradle.cache.internal.DefaultFileLockManager$DefaultFileLock::assertOpenAndIntegral (41 bytes)
Event: 174.026 Thread 0x00000166e27463b0 nmethod 14112 0x00000166d4c2c590 code [0x00000166d4c2c720, 0x00000166d4c2c838]
Event: 174.059 Thread 0x00000166e27463b0 14113       4       sun.nio.fs.WindowsPath::getFileName (87 bytes)
Event: 174.098 Thread 0x00000166e27463b0 nmethod 14113 0x00000166d487c990 code [0x00000166d487cb60, 0x00000166d487d7d8]
Event: 174.112 Thread 0x00000166e27463b0 14114   !   4       org.gradle.cache.internal.DefaultMultiProcessSafeIndexedCache::getIfPresent (25 bytes)

GC Heap History (20 events):
Event: 142.711 GC heap before
{Heap before GC invocations=81 (full 0):
 garbage-first heap   total 194560K, used 128000K [0x0000000080000000, 0x0000000100000000)
  region size 1024K, 9 young (9216K), 4 survivors (4096K)
 Metaspace       used 88638K, committed 89472K, reserved 557056K
  class space    used 12473K, committed 12864K, reserved 425984K
}
Event: 142.725 GC heap after
{Heap after GC invocations=82 (full 0):
 garbage-first heap   total 194560K, used 123950K [0x0000000080000000, 0x0000000100000000)
  region size 1024K, 1 young (1024K), 1 survivors (1024K)
 Metaspace       used 88638K, committed 89472K, reserved 557056K
  class space    used 12473K, committed 12864K, reserved 425984K
}
Event: 142.984 GC heap before
{Heap before GC invocations=82 (full 0):
 garbage-first heap   total 194560K, used 125998K [0x0000000080000000, 0x0000000100000000)
  region size 1024K, 4 young (4096K), 1 survivors (1024K)
 Metaspace       used 88667K, committed 89600K, reserved 557056K
  class space    used 12477K, committed 12928K, reserved 425984K
}
Event: 142.990 GC heap after
{Heap after GC invocations=83 (full 0):
 garbage-first heap   total 194560K, used 124542K [0x0000000080000000, 0x0000000100000000)
  region size 1024K, 1 young (1024K), 1 survivors (1024K)
 Metaspace       used 88667K, committed 89600K, reserved 557056K
  class space    used 12477K, committed 12928K, reserved 425984K
}
Event: 146.916 GC heap before
{Heap before GC invocations=84 (full 0):
 garbage-first heap   total 208896K, used 157310K [0x0000000080000000, 0x0000000100000000)
  region size 1024K, 32 young (32768K), 1 survivors (1024K)
 Metaspace       used 89735K, committed 90624K, reserved 557056K
  class space    used 12609K, committed 12992K, reserved 425984K
}
Event: 146.936 GC heap after
{Heap after GC invocations=85 (full 0):
 garbage-first heap   total 208896K, used 132242K [0x0000000080000000, 0x0000000100000000)
  region size 1024K, 4 young (4096K), 4 survivors (4096K)
 Metaspace       used 89735K, committed 90624K, reserved 557056K
  class space    used 12609K, committed 12992K, reserved 425984K
}
Event: 147.340 GC heap before
{Heap before GC invocations=85 (full 0):
 garbage-first heap   total 208896K, used 138386K [0x0000000080000000, 0x0000000100000000)
  region size 1024K, 10 young (10240K), 4 survivors (4096K)
 Metaspace       used 90142K, committed 91072K, reserved 557056K
  class space    used 12667K, committed 13056K, reserved 425984K
}
Event: 147.361 GC heap after
{Heap after GC invocations=86 (full 0):
 garbage-first heap   total 208896K, used 132280K [0x0000000080000000, 0x0000000100000000)
  region size 1024K, 1 young (1024K), 1 survivors (1024K)
 Metaspace       used 90142K, committed 91072K, reserved 557056K
  class space    used 12667K, committed 13056K, reserved 425984K
}
Event: 150.253 GC heap before
{Heap before GC invocations=86 (full 0):
 garbage-first heap   total 208896K, used 165048K [0x0000000080000000, 0x0000000100000000)
  region size 1024K, 33 young (33792K), 1 survivors (1024K)
 Metaspace       used 93683K, committed 94656K, reserved 557056K
  class space    used 13175K, committed 13632K, reserved 425984K
}
Event: 150.265 GC heap after
{Heap after GC invocations=87 (full 0):
 garbage-first heap   total 208896K, used 133578K [0x0000000080000000, 0x0000000100000000)
  region size 1024K, 2 young (2048K), 2 survivors (2048K)
 Metaspace       used 93683K, committed 94656K, reserved 557056K
  class space    used 13175K, committed 13632K, reserved 425984K
}
Event: 153.923 GC heap before
{Heap before GC invocations=88 (full 0):
 garbage-first heap   total 225280K, used 167370K [0x0000000080000000, 0x0000000100000000)
  region size 1024K, 35 young (35840K), 2 survivors (2048K)
 Metaspace       used 95281K, committed 96192K, reserved 557056K
  class space    used 13386K, committed 13824K, reserved 425984K
}
Event: 153.950 GC heap after
{Heap after GC invocations=89 (full 0):
 garbage-first heap   total 225280K, used 136761K [0x0000000080000000, 0x0000000100000000)
  region size 1024K, 5 young (5120K), 5 survivors (5120K)
 Metaspace       used 95281K, committed 96192K, reserved 557056K
  class space    used 13386K, committed 13824K, reserved 425984K
}
Event: 154.461 GC heap before
{Heap before GC invocations=89 (full 0):
 garbage-first heap   total 225280K, used 142905K [0x0000000080000000, 0x0000000100000000)
  region size 1024K, 11 young (11264K), 5 survivors (5120K)
 Metaspace       used 95565K, committed 96512K, reserved 557056K
  class space    used 13416K, committed 13888K, reserved 425984K
}
Event: 154.485 GC heap after
{Heap after GC invocations=90 (full 0):
 garbage-first heap   total 225280K, used 136775K [0x0000000080000000, 0x0000000100000000)
  region size 1024K, 2 young (2048K), 2 survivors (2048K)
 Metaspace       used 95565K, committed 96512K, reserved 557056K
  class space    used 13416K, committed 13888K, reserved 425984K
}
Event: 157.939 GC heap before
{Heap before GC invocations=90 (full 0):
 garbage-first heap   total 225280K, used 177735K [0x0000000080000000, 0x0000000100000000)
  region size 1024K, 42 young (43008K), 2 survivors (2048K)
 Metaspace       used 96354K, committed 97344K, reserved 557056K
  class space    used 13500K, committed 13952K, reserved 425984K
}
Event: 157.965 GC heap after
{Heap after GC invocations=91 (full 0):
 garbage-first heap   total 295936K, used 140476K [0x0000000080000000, 0x0000000100000000)
  region size 1024K, 5 young (5120K), 5 survivors (5120K)
 Metaspace       used 96354K, committed 97344K, reserved 557056K
  class space    used 13500K, committed 13952K, reserved 425984K
}
Event: 168.100 GC heap before
{Heap before GC invocations=92 (full 0):
 garbage-first heap   total 295936K, used 216252K [0x0000000080000000, 0x0000000100000000)
  region size 1024K, 80 young (81920K), 5 survivors (5120K)
 Metaspace       used 97706K, committed 98624K, reserved 557056K
  class space    used 13659K, committed 14080K, reserved 425984K
}
Event: 168.143 GC heap after
{Heap after GC invocations=93 (full 0):
 garbage-first heap   total 295936K, used 145681K [0x0000000080000000, 0x0000000100000000)
  region size 1024K, 10 young (10240K), 10 survivors (10240K)
 Metaspace       used 97706K, committed 98624K, reserved 557056K
  class space    used 13659K, committed 14080K, reserved 425984K
}
Event: 168.716 GC heap before
{Heap before GC invocations=93 (full 0):
 garbage-first heap   total 295936K, used 149777K [0x0000000080000000, 0x0000000100000000)
  region size 1024K, 14 young (14336K), 10 survivors (10240K)
 Metaspace       used 97788K, committed 98688K, reserved 557056K
  class space    used 13665K, committed 14080K, reserved 425984K
}
Event: 168.763 GC heap after
{Heap after GC invocations=94 (full 0):
 garbage-first heap   total 295936K, used 147022K [0x0000000080000000, 0x0000000100000000)
  region size 1024K, 2 young (2048K), 2 survivors (2048K)
 Metaspace       used 97788K, committed 98688K, reserved 557056K
  class space    used 13665K, committed 14080K, reserved 425984K
}

Dll operation events (14 events):
Event: 0.081 Loaded shared library C:\Program Files\Microsoft\jdk-17.0.8.7-hotspot\bin\java.dll
Event: 0.132 Loaded shared library C:\Program Files\Microsoft\jdk-17.0.8.7-hotspot\bin\jsvml.dll
Event: 0.308 Loaded shared library C:\Program Files\Microsoft\jdk-17.0.8.7-hotspot\bin\zip.dll
Event: 0.373 Loaded shared library C:\Program Files\Microsoft\jdk-17.0.8.7-hotspot\bin\instrument.dll
Event: 0.400 Loaded shared library C:\Program Files\Microsoft\jdk-17.0.8.7-hotspot\bin\net.dll
Event: 0.405 Loaded shared library C:\Program Files\Microsoft\jdk-17.0.8.7-hotspot\bin\nio.dll
Event: 0.423 Loaded shared library C:\Program Files\Microsoft\jdk-17.0.8.7-hotspot\bin\zip.dll
Event: 1.074 Loaded shared library C:\Program Files\Microsoft\jdk-17.0.8.7-hotspot\bin\jimage.dll
Event: 1.350 Loaded shared library C:\Program Files\Microsoft\jdk-17.0.8.7-hotspot\bin\verify.dll
Event: 2.054 Loaded shared library C:\Users\ELCOT\.gradle\native\68d5fa5c4cc2d200863cafc0d521ce42e7d3e7ee720ec0a83991735586a16f82\windows-amd64\native-platform.dll
Event: 2.107 Loaded shared library C:\Users\ELCOT\.gradle\native\e376f236ea51e6404a007f0833ffe2c6e607c4080706a723a18a27aeea778392\windows-amd64\native-platform-file-events.dll
Event: 6.891 Loaded shared library C:\Program Files\Microsoft\jdk-17.0.8.7-hotspot\bin\management.dll
Event: 6.900 Loaded shared library C:\Program Files\Microsoft\jdk-17.0.8.7-hotspot\bin\management_ext.dll
Event: 8.879 Loaded shared library C:\Program Files\Microsoft\jdk-17.0.8.7-hotspot\bin\sunmscapi.dll

Deoptimization events (20 events):
Event: 168.385 Thread 0x00000166ff460c60 Uncommon trap: trap_request=0xffffffc6 fr.pc=0x00000166d4d1eac0 relative=0x00000000000000a0
Event: 168.385 Thread 0x00000166ff460c60 Uncommon trap: reason=bimorphic_or_optimized_type_check action=maybe_recompile pc=0x00000166d4d1eac0 method=org.gradle.execution.plan.ActionNode.hasPendingPreExecutionNodes()Z @ 11 c2
Event: 168.385 Thread 0x00000166ff460c60 DEOPT PACKING pc=0x00000166d4d1eac0 sp=0x0000005f146fddb0
Event: 168.385 Thread 0x00000166ff460c60 DEOPT UNPACKING pc=0x00000166d40c69a3 sp=0x0000005f146fdd38 mode 2
Event: 168.582 Thread 0x00000166ff460c60 Uncommon trap: trap_request=0xffffffbe fr.pc=0x00000166d4baca58 relative=0x0000000000000378
Event: 168.582 Thread 0x00000166ff460c60 Uncommon trap: reason=profile_predicate action=maybe_recompile pc=0x00000166d4baca58 method=java.util.Collections.indexedBinarySearch(Ljava/util/List;Ljava/lang/Object;Ljava/util/Comparator;)I @ 15 c2
Event: 168.582 Thread 0x00000166ff460c60 DEOPT PACKING pc=0x00000166d4baca58 sp=0x0000005f146f99d0
Event: 168.582 Thread 0x00000166ff460c60 DEOPT UNPACKING pc=0x00000166d40c69a3 sp=0x0000005f146f9958 mode 2
Event: 168.582 Thread 0x00000166ff460c60 Uncommon trap: trap_request=0xffffffbe fr.pc=0x00000166d4baca58 relative=0x0000000000000378
Event: 168.582 Thread 0x00000166ff460c60 Uncommon trap: reason=profile_predicate action=maybe_recompile pc=0x00000166d4baca58 method=java.util.Collections.indexedBinarySearch(Ljava/util/List;Ljava/lang/Object;Ljava/util/Comparator;)I @ 15 c2
Event: 168.583 Thread 0x00000166ff460c60 DEOPT PACKING pc=0x00000166d4baca58 sp=0x0000005f146f99c0
Event: 168.583 Thread 0x00000166ff460c60 DEOPT UNPACKING pc=0x00000166d40c69a3 sp=0x0000005f146f9948 mode 2
Event: 168.583 Thread 0x00000166ff460c60 Uncommon trap: trap_request=0xffffffbe fr.pc=0x00000166d4baca58 relative=0x0000000000000378
Event: 168.583 Thread 0x00000166ff460c60 Uncommon trap: reason=profile_predicate action=maybe_recompile pc=0x00000166d4baca58 method=java.util.Collections.indexedBinarySearch(Ljava/util/List;Ljava/lang/Object;Ljava/util/Comparator;)I @ 15 c2
Event: 168.583 Thread 0x00000166ff460c60 DEOPT PACKING pc=0x00000166d4baca58 sp=0x0000005f146f99c0
Event: 168.583 Thread 0x00000166ff460c60 DEOPT UNPACKING pc=0x00000166d40c69a3 sp=0x0000005f146f9948 mode 2
Event: 168.583 Thread 0x00000166ff460c60 Uncommon trap: trap_request=0xffffffbe fr.pc=0x00000166d4baca58 relative=0x0000000000000378
Event: 168.583 Thread 0x00000166ff460c60 Uncommon trap: reason=profile_predicate action=maybe_recompile pc=0x00000166d4baca58 method=java.util.Collections.indexedBinarySearch(Ljava/util/List;Ljava/lang/Object;Ljava/util/Comparator;)I @ 15 c2
Event: 168.583 Thread 0x00000166ff460c60 DEOPT PACKING pc=0x00000166d4baca58 sp=0x0000005f146f99b0
Event: 168.583 Thread 0x00000166ff460c60 DEOPT UNPACKING pc=0x00000166d40c69a3 sp=0x0000005f146f9938 mode 2

Classes unloaded (0 events):
No events

Classes redefined (0 events):
No events

Internal exceptions (20 events):
Event: 150.537 Thread 0x00000166e29733d0 Exception <a 'sun/nio/fs/WindowsException'{0x000000008cbb6e40}> (0x000000008cbb6e40) 
thrown [s\src\hotspot\share\prims\jni.cpp, line 516]
Event: 153.950 Thread 0x00000166e272b1e0 Implicit null exception at 0x00000166d4bf9a7f to 0x00000166d4bfa184
Event: 154.167 Thread 0x00000166e29733d0 Implicit null exception at 0x00000166d4c5e3ce to 0x00000166d4c5ed20
Event: 155.509 Thread 0x00000166e29733d0 Exception <a 'java/lang/IncompatibleClassChangeError'{0x000000008caa26b0}: Found class java.lang.Object, but interface was expected> (0x000000008caa26b0) 
thrown [s\src\hotspot\share\interpreter\linkResolver.cpp, line 826]
Event: 155.951 Thread 0x00000166e29733d0 Implicit null exception at 0x00000166d4c92210 to 0x00000166d4c922d8
Event: 156.700 Thread 0x00000166e29733d0 Exception <a 'sun/nio/fs/WindowsException'{0x000000008c2917e0}> (0x000000008c2917e0) 
thrown [s\src\hotspot\share\prims\jni.cpp, line 516]
Event: 156.701 Thread 0x00000166e29733d0 Exception <a 'sun/nio/fs/WindowsException'{0x000000008c292e20}> (0x000000008c292e20) 
thrown [s\src\hotspot\share\prims\jni.cpp, line 516]
Event: 156.701 Thread 0x00000166e29733d0 Exception <a 'sun/nio/fs/WindowsException'{0x000000008c2944b0}> (0x000000008c2944b0) 
thrown [s\src\hotspot\share\prims\jni.cpp, line 516]
Event: 156.701 Thread 0x00000166e29733d0 Exception <a 'sun/nio/fs/WindowsException'{0x000000008c295b40}> (0x000000008c295b40) 
thrown [s\src\hotspot\share\prims\jni.cpp, line 516]
Event: 158.728 Thread 0x00000166e29733d0 Implicit null exception at 0x00000166d4ca8f0a to 0x00000166d4ca8fea
Event: 159.633 Thread 0x000001668521ac30 Exception <a 'java/lang/NoSuchMethodError'{0x00000000906fe2a8}: 'void java.lang.invoke.DirectMethodHandle$Holder.invokeStatic(java.lang.Object, java.lang.Object, java.lang.Object, java.lang.Object, int, java.lang.Object, java.lang.Object)'> (0x00000000906fe2a8) 
thrown [s\src\hotspot\share\interpreter\linkResolver.cpp, line 759]
Event: 159.717 Thread 0x000001668521ac30 Exception <a 'java/lang/NoSuchMethodError'{0x0000000090430100}: 'java.lang.Object java.lang.invoke.DirectMethodHandle$Holder.invokeSpecialIFC(java.lang.Object, java.lang.Object, java.lang.Object)'> (0x0000000090430100) 
thrown [s\src\hotspot\share\interpreter\linkResolver.cpp, line 759]
Event: 161.757 Thread 0x000001668521ac30 Exception <a 'java/lang/NoSuchMethodError'{0x000000008f8a64c0}: 'void java.lang.invoke.DirectMethodHandle$Holder.invokeVirtual(java.lang.Object, java.lang.Object)'> (0x000000008f8a64c0) 
thrown [s\src\hotspot\share\interpreter\linkResolver.cpp, line 759]
Event: 166.701 Thread 0x000001668521ac30 Exception <a 'java/lang/ClassNotFoundException'{0x000000008d7a4ed8}: groovy/util/FileTreeBuilderBeanInfo> (0x000000008d7a4ed8) 
thrown [s\src\hotspot\share\classfile\systemDictionary.cpp, line 256]
Event: 166.703 Thread 0x000001668521ac30 Exception <a 'java/lang/ClassNotFoundException'{0x000000008d606ff8}: groovy/util/FileTreeBuilderCustomizer> (0x000000008d606ff8) 
thrown [s\src\hotspot\share\classfile\systemDictionary.cpp, line 256]
Event: 166.814 Thread 0x000001668521ac30 Exception <a 'java/lang/ClassNotFoundException'{0x000000008d64a6e8}: java/io/BufferedWriterBeanInfo> (0x000000008d64a6e8) 
thrown [s\src\hotspot\share\classfile\systemDictionary.cpp, line 256]
Event: 166.814 Thread 0x000001668521ac30 Exception <a 'java/lang/ClassNotFoundException'{0x000000008d64fb40}: java/io/WriterBeanInfo> (0x000000008d64fb40) 
thrown [s\src\hotspot\share\classfile\systemDictionary.cpp, line 256]
Event: 166.815 Thread 0x000001668521ac30 Exception <a 'java/lang/ClassNotFoundException'{0x000000008d6552f0}: java/io/WriterCustomizer> (0x000000008d6552f0) 
thrown [s\src\hotspot\share\classfile\systemDictionary.cpp, line 256]
Event: 166.816 Thread 0x000001668521ac30 Exception <a 'java/lang/ClassNotFoundException'{0x000000008d6638f0}: java/io/BufferedWriterCustomizer> (0x000000008d6638f0) 
thrown [s\src\hotspot\share\classfile\systemDictionary.cpp, line 256]
Event: 168.144 Thread 0x000001668521ac30 Exception <a 'java/lang/NoSuchMethodError'{0x0000000092009a20}: static Lcom/android/build/api/variant/BuildConfigField;.<clinit>()V> (0x0000000092009a20) 
thrown [s\src\hotspot\share\prims\jni.cpp, line 1107]

VM Operations (20 events):
Event: 166.722 Executing VM operation: HandshakeAllThreads
Event: 166.723 Executing VM operation: HandshakeAllThreads done
Event: 166.754 Executing VM operation: HandshakeAllThreads
Event: 166.754 Executing VM operation: HandshakeAllThreads done
Event: 167.194 Executing VM operation: HandshakeAllThreads
Event: 167.198 Executing VM operation: HandshakeAllThreads done
Event: 167.663 Executing VM operation: HandshakeAllThreads
Event: 167.664 Executing VM operation: HandshakeAllThreads done
Event: 168.100 Executing VM operation: G1CollectForAllocation
Event: 168.144 Executing VM operation: G1CollectForAllocation done
Event: 168.716 Executing VM operation: G1CollectForAllocation
Event: 168.763 Executing VM operation: G1CollectForAllocation done
Event: 169.764 Executing VM operation: Cleanup
Event: 169.764 Executing VM operation: Cleanup done
Event: 170.765 Executing VM operation: Cleanup
Event: 170.766 Executing VM operation: Cleanup done
Event: 171.772 Executing VM operation: Cleanup
Event: 171.776 Executing VM operation: Cleanup done
Event: 173.789 Executing VM operation: Cleanup
Event: 173.789 Executing VM operation: Cleanup done

Events (20 events):
Event: 167.695 Thread 0x00000166e275b360 flushing nmethod 0x00000166ce27bb10
Event: 167.695 Thread 0x00000166e275b360 flushing nmethod 0x00000166ce27ff10
Event: 167.695 Thread 0x00000166e275b360 flushing nmethod 0x00000166ce281990
Event: 167.695 Thread 0x00000166e275b360 flushing nmethod 0x00000166ce283910
Event: 167.695 Thread 0x00000166e275b360 flushing nmethod 0x00000166ce287890
Event: 167.695 Thread 0x00000166e275b360 flushing nmethod 0x00000166ce28bd90
Event: 167.695 Thread 0x00000166e275b360 flushing nmethod 0x00000166ce28f390
Event: 167.695 Thread 0x00000166e275b360 flushing nmethod 0x00000166ce292d10
Event: 167.695 Thread 0x00000166e275b360 flushing nmethod 0x00000166ce295910
Event: 167.695 Thread 0x00000166e275b360 flushing nmethod 0x00000166ce29a510
Event: 167.695 Thread 0x00000166e275b360 flushing nmethod 0x00000166ce2b7010
Event: 167.696 Thread 0x00000166e275b360 flushing nmethod 0x00000166ce34b190
Event: 167.696 Thread 0x00000166e275b360 flushing nmethod 0x00000166ce34b910
Event: 167.696 Thread 0x00000166e275b360 flushing nmethod 0x00000166ce350590
Event: 167.696 Thread 0x00000166e275b360 flushing nmethod 0x00000166ce35fe90
Event: 167.696 Thread 0x00000166e275b360 flushing nmethod 0x00000166ce360b10
Event: 167.696 Thread 0x00000166e275b360 flushing nmethod 0x00000166ce365210
Event: 167.696 Thread 0x00000166e275b360 flushing nmethod 0x00000166ce366590
Event: 167.696 Thread 0x00000166e275b360 flushing nmethod 0x00000166ce383390
Event: 168.422 Thread 0x0000016687e12e00 Thread added: 0x0000016687e12e00


Dynamic libraries:
0x00007ff60b2d0000 - 0x00007ff60b2de000 	C:\Program Files\Microsoft\jdk-17.0.8.7-hotspot\bin\java.exe
0x00007fff75130000 - 0x00007fff75328000 	C:\WINDOWS\SYSTEM32\ntdll.dll
0x00007fff745c0000 - 0x00007fff7467d000 	C:\WINDOWS\System32\KERNEL32.DLL
0x00007fff72990000 - 0x00007fff72c86000 	C:\WINDOWS\System32\KERNELBASE.dll
0x00007fff72ed0000 - 0x00007fff72fd0000 	C:\WINDOWS\System32\ucrtbase.dll
0x00007fff68fd0000 - 0x00007fff68feb000 	C:\Program Files\Microsoft\jdk-17.0.8.7-hotspot\bin\VCRUNTIME140.dll
0x00007fff6d630000 - 0x00007fff6d647000 	C:\Program Files\Microsoft\jdk-17.0.8.7-hotspot\bin\jli.dll
0x00007fff74360000 - 0x00007fff744fe000 	C:\WINDOWS\System32\USER32.dll
0x00007fff663f0000 - 0x00007fff6668a000 	C:\WINDOWS\WinSxS\amd64_microsoft.windows.common-controls_6595b64144ccf1df_6.0.19041.3636_none_60b6a03d71f818d5\COMCTL32.dll
0x00007fff728b0000 - 0x00007fff728d2000 	C:\WINDOWS\System32\win32u.dll
0x00007fff74dd0000 - 0x00007fff74e6e000 	C:\WINDOWS\System32\msvcrt.dll
0x00007fff73190000 - 0x00007fff731bc000 	C:\WINDOWS\System32\GDI32.dll
0x00007fff73070000 - 0x00007fff7318a000 	C:\WINDOWS\System32\gdi32full.dll
0x00007fff72810000 - 0x00007fff728ad000 	C:\WINDOWS\System32\msvcp_win.dll
0x00007fff74500000 - 0x00007fff74530000 	C:\WINDOWS\System32\IMM32.DLL
0x00007fff6d6c0000 - 0x00007fff6d6cc000 	C:\Program Files\Microsoft\jdk-17.0.8.7-hotspot\bin\vcruntime140_1.dll
0x00007fff546b0000 - 0x00007fff5473d000 	C:\Program Files\Microsoft\jdk-17.0.8.7-hotspot\bin\msvcp140.dll
0x00007fff23ff0000 - 0x00007fff24c55000 	C:\Program Files\Microsoft\jdk-17.0.8.7-hotspot\bin\server\jvm.dll
0x00007fff73a10000 - 0x00007fff73abf000 	C:\WINDOWS\System32\ADVAPI32.dll
0x00007fff74d30000 - 0x00007fff74dcc000 	C:\WINDOWS\System32\sechost.dll
0x00007fff74e70000 - 0x00007fff74f96000 	C:\WINDOWS\System32\RPCRT4.dll
0x00007fff6d620000 - 0x00007fff6d629000 	C:\WINDOWS\SYSTEM32\WSOCK32.dll
0x00007fff72200000 - 0x00007fff7224b000 	C:\WINDOWS\SYSTEM32\POWRPROF.dll
0x00007fff75080000 - 0x00007fff750eb000 	C:\WINDOWS\System32\WS2_32.dll
0x00007fff6abe0000 - 0x00007fff6ac07000 	C:\WINDOWS\SYSTEM32\WINMM.dll
0x00007fff6ac10000 - 0x00007fff6ac1a000 	C:\WINDOWS\SYSTEM32\VERSION.dll
0x00007fff721e0000 - 0x00007fff721f2000 	C:\WINDOWS\SYSTEM32\UMPDC.dll
0x00007fff706d0000 - 0x00007fff706e2000 	C:\WINDOWS\SYSTEM32\kernel.appcore.dll
0x00007fff68fc0000 - 0x00007fff68fca000 	C:\Program Files\Microsoft\jdk-17.0.8.7-hotspot\bin\jimage.dll
0x00007fff64900000 - 0x00007fff64ae4000 	C:\WINDOWS\SYSTEM32\DBGHELP.DLL
0x00007fff648c0000 - 0x00007fff648f4000 	C:\WINDOWS\SYSTEM32\dbgcore.DLL
0x00007fff72c90000 - 0x00007fff72d12000 	C:\WINDOWS\System32\bcryptPrimitives.dll
0x00007fff5e630000 - 0x00007fff5e63e000 	C:\Program Files\Microsoft\jdk-17.0.8.7-hotspot\bin\instrument.dll
0x00007fff679e0000 - 0x00007fff67a05000 	C:\Program Files\Microsoft\jdk-17.0.8.7-hotspot\bin\java.dll
0x00007fff545d0000 - 0x00007fff546a7000 	C:\Program Files\Microsoft\jdk-17.0.8.7-hotspot\bin\jsvml.dll
0x00007fff73b50000 - 0x00007fff74295000 	C:\WINDOWS\System32\SHELL32.dll
0x00007fff708d0000 - 0x00007fff7106b000 	C:\WINDOWS\SYSTEM32\windows.storage.dll
0x00007fff73450000 - 0x00007fff737a4000 	C:\WINDOWS\System32\combase.dll
0x00007fff722c0000 - 0x00007fff722ed000 	C:\WINDOWS\SYSTEM32\Wldp.dll
0x00007fff732f0000 - 0x00007fff7339d000 	C:\WINDOWS\System32\SHCORE.dll
0x00007fff731c0000 - 0x00007fff73215000 	C:\WINDOWS\System32\shlwapi.dll
0x00007fff72740000 - 0x00007fff72765000 	C:\WINDOWS\SYSTEM32\profapi.dll
0x00007fff545b0000 - 0x00007fff545c8000 	C:\Program Files\Microsoft\jdk-17.0.8.7-hotspot\bin\zip.dll
0x00007fff56060000 - 0x00007fff56079000 	C:\Program Files\Microsoft\jdk-17.0.8.7-hotspot\bin\net.dll
0x00007fff68e70000 - 0x00007fff68f7a000 	C:\WINDOWS\SYSTEM32\WINHTTP.dll
0x00007fff71f40000 - 0x00007fff71faa000 	C:\WINDOWS\system32\mswsock.dll
0x00007fff54ab0000 - 0x00007fff54ac6000 	C:\Program Files\Microsoft\jdk-17.0.8.7-hotspot\bin\nio.dll
0x00007fff68fb0000 - 0x00007fff68fc0000 	C:\Program Files\Microsoft\jdk-17.0.8.7-hotspot\bin\verify.dll
0x00007fff54580000 - 0x00007fff545a7000 	C:\Users\ELCOT\.gradle\native\68d5fa5c4cc2d200863cafc0d521ce42e7d3e7ee720ec0a83991735586a16f82\windows-amd64\native-platform.dll
0x00007fff2e450000 - 0x00007fff2e594000 	C:\Users\ELCOT\.gradle\native\e376f236ea51e6404a007f0833ffe2c6e607c4080706a723a18a27aeea778392\windows-amd64\native-platform-file-events.dll
0x00007fff602b0000 - 0x00007fff602b9000 	C:\Program Files\Microsoft\jdk-17.0.8.7-hotspot\bin\management.dll
0x00007fff5eea0000 - 0x00007fff5eeab000 	C:\Program Files\Microsoft\jdk-17.0.8.7-hotspot\bin\management_ext.dll
0x00007fff73a00000 - 0x00007fff73a08000 	C:\WINDOWS\System32\PSAPI.DLL
0x00007fff72130000 - 0x00007fff72148000 	C:\WINDOWS\SYSTEM32\CRYPTSP.dll
0x00007fff71870000 - 0x00007fff718a4000 	C:\WINDOWS\system32\rsaenh.dll
0x00007fff73040000 - 0x00007fff73067000 	C:\WINDOWS\System32\bcrypt.dll
0x00007fff726c0000 - 0x00007fff726ee000 	C:\WINDOWS\SYSTEM32\USERENV.dll
0x00007fff72150000 - 0x00007fff7215c000 	C:\WINDOWS\SYSTEM32\CRYPTBASE.dll
0x00007fff71c30000 - 0x00007fff71c6b000 	C:\WINDOWS\SYSTEM32\IPHLPAPI.DLL
0x00007fff74700000 - 0x00007fff74708000 	C:\WINDOWS\System32\NSI.dll
0x00007fff688d0000 - 0x00007fff688e7000 	C:\WINDOWS\SYSTEM32\dhcpcsvc6.DLL
0x00007fff68c00000 - 0x00007fff68c1d000 	C:\WINDOWS\SYSTEM32\dhcpcsvc.DLL
0x00007fff71cc0000 - 0x00007fff71d8a000 	C:\WINDOWS\SYSTEM32\DNSAPI.dll
0x00007fff5d630000 - 0x00007fff5d63e000 	C:\Program Files\Microsoft\jdk-17.0.8.7-hotspot\bin\sunmscapi.dll
0x00007fff72d70000 - 0x00007fff72ecd000 	C:\WINDOWS\System32\CRYPT32.dll
0x00007fff72330000 - 0x00007fff72357000 	C:\WINDOWS\SYSTEM32\ncrypt.dll
0x00007fff722f0000 - 0x00007fff7232b000 	C:\WINDOWS\SYSTEM32\NTASN1.dll
0x00007fff5c750000 - 0x00007fff5c757000 	C:\WINDOWS\system32\wshunix.dll
0x00007fff52ad0000 - 0x00007fff52ae7000 	C:\WINDOWS\system32\napinsp.dll
0x00007fff502c0000 - 0x00007fff502db000 	C:\WINDOWS\system32\pnrpnsp.dll
0x00007fff58190000 - 0x00007fff581a5000 	C:\WINDOWS\system32\wshbth.dll
0x00007fff69970000 - 0x00007fff6998d000 	C:\WINDOWS\system32\NLAapi.dll
0x00007fff4fe00000 - 0x00007fff4fe12000 	C:\WINDOWS\System32\winrnr.dll
0x00007fff639f0000 - 0x00007fff639fa000 	C:\Windows\System32\rasadhlp.dll
0x00007fff64e10000 - 0x00007fff64e90000 	C:\WINDOWS\System32\fwpuclnt.dll

dbghelp: loaded successfully - version: 4.0.5 - missing functions: none
symbol engine: initialized successfully - sym options: 0x614 - pdb path: .;C:\Program Files\Microsoft\jdk-17.0.8.7-hotspot\bin;C:\WINDOWS\SYSTEM32;C:\WINDOWS\WinSxS\amd64_microsoft.windows.common-controls_6595b64144ccf1df_6.0.19041.3636_none_60b6a03d71f818d5;C:\Program Files\Microsoft\jdk-17.0.8.7-hotspot\bin\server;C:\Users\ELCOT\.gradle\native\68d5fa5c4cc2d200863cafc0d521ce42e7d3e7ee720ec0a83991735586a16f82\windows-amd64;C:\Users\ELCOT\.gradle\native\e376f236ea51e6404a007f0833ffe2c6e607c4080706a723a18a27aeea778392\windows-amd64

VM Arguments:
jvm_args: -XX:MaxMetaspaceSize=512m --add-opens=java.base/java.util=ALL-UNNAMED --add-opens=java.base/java.lang=ALL-UNNAMED --add-opens=java.base/java.lang.invoke=ALL-UNNAMED --add-opens=java.prefs/java.util.prefs=ALL-UNNAMED --add-opens=java.base/java.nio.charset=ALL-UNNAMED --add-opens=java.base/java.net=ALL-UNNAMED --add-opens=java.base/java.util.concurrent.atomic=ALL-UNNAMED -Xmx2048m -Dfile.encoding=windows-1252 -Duser.country=IN -Duser.language=en -Duser.variant -javaagent:C:\Users\ELCOT\.gradle\wrapper\dists\gradle-8.3-all\6en3ugtfdg5xnpx44z4qbwgas\gradle-8.3\lib\agents\gradle-instrumentation-agent-8.3.jar 
java_command: org.gradle.launcher.daemon.bootstrap.GradleDaemon 8.3
java_class_path (initial): C:\Users\ELCOT\.gradle\wrapper\dists\gradle-8.3-all\6en3ugtfdg5xnpx44z4qbwgas\gradle-8.3\lib\gradle-launcher-8.3.jar
Launcher Type: SUN_STANDARD

[Global flags]
     intx CICompilerCount                          = 2                                         {product} {ergonomic}
   size_t CompressedClassSpaceSize                 = 436207616                                 {product} {ergonomic}
     uint ConcGCThreads                            = 1                                         {product} {ergonomic}
     uint G1ConcRefinementThreads                  = 2                                         {product} {ergonomic}
   size_t G1HeapRegionSize                         = 1048576                                   {product} {ergonomic}
    uintx GCDrainStackTargetSize                   = 64                                        {product} {ergonomic}
   size_t InitialHeapSize                          = 65011712                                  {product} {ergonomic}
   size_t MarkStackSize                            = 4194304                                   {product} {ergonomic}
   size_t MaxHeapSize                              = 2147483648                                {product} {command line}
   size_t MaxMetaspaceSize                         = 536870912                                 {product} {command line}
   size_t MaxNewSize                               = 1287651328                                {product} {ergonomic}
   size_t MinHeapDeltaBytes                        = 1048576                                   {product} {ergonomic}
   size_t MinHeapSize                              = 8388608                                   {product} {ergonomic}
    uintx NonNMethodCodeHeapSize                   = 5826188                                {pd product} {ergonomic}
    uintx NonProfiledCodeHeapSize                  = 122916026                              {pd product} {ergonomic}
    uintx ProfiledCodeHeapSize                     = 122916026                              {pd product} {ergonomic}
    uintx ReservedCodeCacheSize                    = 251658240                              {pd product} {ergonomic}
     bool SegmentedCodeCache                       = true                                      {product} {ergonomic}
   size_t SoftMaxHeapSize                          = 2147483648                             {manageable} {ergonomic}
     bool UseCompressedClassPointers               = true                           {product lp64_product} {ergonomic}
     bool UseCompressedOops                        = true                           {product lp64_product} {ergonomic}
     bool UseG1GC                                  = true                                      {product} {ergonomic}
     bool UseLargePagesIndividualAllocation        = false                                  {pd product} {ergonomic}

Logging:
Log output configuration:
 #0: stdout all=warning uptime,level,tags
 #1: stderr all=off uptime,level,tags

Environment Variables:
JAVA_HOME=C:\Program Files\Microsoft\jdk-17.0.8.7-hotspot\
CLASSPATH=C:\Users\ELCOT\Desktop\mobileApp\Navigation\android\\gradle\wrapper\gradle-wrapper.jar
PATH=C:\Users\ELCOT\Desktop\mobileApp\Navigation\node_modules\.bin;C:\Users\ELCOT\Desktop\mobileApp\Navigation\node_modules\.bin;C:\Users\ELCOT\Desktop\mobileApp\node_modules\.bin;C:\Users\ELCOT\Desktop\node_modules\.bin;C:\Users\ELCOT\node_modules\.bin;C:\Users\node_modules\.bin;C:\node_modules\.bin;C:\Program Files\nodejs\node_modules\npm\node_modules\@npmcli\run-script\lib\node-gyp-bin;C:\Users\ELCOT\Desktop\mobileApp\Navigation\node_modules\.bin;C:\Users\ELCOT\Desktop\mobileApp\node_modules\.bin;C:\Users\ELCOT\Desktop\node_modules\.bin;C:\Users\ELCOT\node_modules\.bin;C:\Users\node_modules\.bin;C:\node_modules\.bin;C:\Program Files\nodejs\node_modules\npm\node_modules\@npmcli\run-script\lib\node-gyp-bin;C:\Program Files\Microsoft\jdk-17.0.8.7-hotspot\bin;C:\WINDOWS\system32;C:\WINDOWS;C:\WINDOWS\System32\Wbem;C:\WINDOWS\System32\WindowsPowerShell\v1.0\;C:\WINDOWS\System32\OpenSSH\;C:\Users\ELCOT\AppData\Local\Programs\Python\Python310;D:\Git\cmd;C:\Program Files\Java\jdk-21;C:\ProgramData\chocolatey\bin;C:\Program Files\nodejs\;C:\Users\ELCOT\AppData\Local\Android\Sdk\tools;C:\Users\ELCOT\AppData\Local\jdk-11.0.2\bin;C:\Users\ELCOT\AppData\Local\Microsoft\WindowsApps;C:\Users\ELCOT\AppData\Local\Programs\Python\Python310;C:\Users\ELCOT\AppData\Local\Programs\Python\Python310\Scripts;D:\mycode\Microsoft VS Code\bin;C:\Users\ELCOT\AppData\Local\Android\Sdk\platform-tools;C:\Program Files\Java\jdk-21;C:\Users\ELCOT\AppData\Local\Android\Sdk;C:\Users\ELCOT\AppData\Roaming\npm
USERNAME=ELCOT
LANG=en_US.UTF-8
OS=Windows_NT
PROCESSOR_IDENTIFIER=AMD64 Family 21 Model 112 Stepping 0, AuthenticAMD
TMP=C:\Users\ELCOT\AppData\Local\Temp
TEMP=C:\Users\ELCOT\AppData\Local\Temp



---------------  S Y S T E M  ---------------

OS:
 Windows 10 , 64 bit Build 19041 (10.0.19041.3636)
OS uptime: 0 days 21:23 hours

CPU: total 2 (initial active 2) (2 cores per cpu, 1 threads per core) family 21 model 112 stepping 0 microcode 0x0, cx8, cmov, fxsr, mmx, 3dnowpref, sse, sse2, sse3, ssse3, sse4a, sse4.1, sse4.2, popcnt, lzcnt, tsc, tscinvbit, avx, avx2, aes, clmul, bmi1, bmi2, fma, vzeroupper, clflush
Processor Information for all 2 processors :
  Max Mhz: 2500, Current Mhz: 2500, Mhz Limit: 2500

Memory: 4k page, system-wide physical 3935M (230M free)
TotalPageFile size 7519M (AvailPageFile size 3234M)
current process WorkingSet (physical memory assigned to process): 549M, peak: 564M
current process commit charge ("private bytes"): 588M, peak: 601M

vm_info: OpenJDK 64-Bit Server VM (17.0.8+7-LTS) for windows-amd64 JRE (17.0.8+7-LTS), built on Jul  7 2023 17:21:55 by "MicrosoftCorporation" with MS VC++ 16.10 / 16.11 (VS2019)

END.
